2025-10-27 13:42:48,781 - INFO - Logging to: logs\ssg_20251027_134248.log
2025-10-27 13:42:52,458 - INFO - Selected airport: KPHX
2025-10-27 13:42:52,458 - INFO - Loading GeoJSON data...
2025-10-27 13:42:52,460 - INFO - Loaded 198 parking spots and 5 runways
2025-10-27 13:42:54,339 - INFO - Fetched elevation for KPHX: 1135 ft MSL
2025-10-27 13:42:54,339 - INFO - Field elevation for KPHX: 1135 ft MSL
2025-10-27 13:42:54,339 - INFO - GeoJSON data loaded successfully
2025-10-27 13:42:54,339 - INFO - Loading CIFP data...
2025-10-27 13:42:54,603 - INFO - Loaded 63851 waypoints for KPHX
2025-10-27 13:42:54,603 - INFO - Found 11 arrival procedures
2025-10-27 13:42:54,603 - INFO - CIFP data loaded successfully
2025-10-27 13:42:58,008 - INFO - Selected scenario type: tower_mixed
2025-10-27 13:43:10,912 - INFO - Loaded configuration from config.json
2025-10-27 13:43:10,912 - INFO - Generating Tower scenario: 15 departures, 15 arrivals
2025-10-27 13:43:11,357 - INFO - Fetched flight plan KPHX -> KMDW: {'route': 'MRBIL1 JARPA RSK J110 ALS J102 SLN J96 IRK ENDEE8', 'altitude': '37000', 'aircraft_type': 'B738/L', 'callsign': 'SWA1816'}
2025-10-27 13:43:11,654 - INFO - Fetched flight plan KPHX -> KSEA: {'route': 'ZEPER2 RRSTA FUZZY WODIN OAL FVI LMT HRMNS J189 BTG HAWKZ8', 'altitude': '35000', 'aircraft_type': 'E170/L', 'callsign': 'ENY4117'}
2025-10-27 13:43:12,035 - INFO - Fetched flight plan KPHX -> KJFK: {'route': 'FORPE1 ABQ FTI J18 SLN J24 MCI J80 TWAIN J80 SPI KOLTS RIC HCM SAWED Q108 SIE CAMRN4', 'altitude': '35000', 'aircraft_type': 'B738/L', 'callsign': 'AAL2339'}
2025-10-27 13:43:12,345 - INFO - Fetched flight plan KPHX -> KMIA: {'route': 'ECLPS1 PHASE ELP J86 FST J138 SHUCK J138 CSI PSX MUSYL BLVNS Y290 GAWKS FROGZ4', 'altitude': '35000', 'aircraft_type': 'B738/L', 'callsign': 'AAL1614'}
2025-10-27 13:43:12,667 - INFO - Fetched flight plan KPHX -> KPHL: {'route': 'FORPE1 ABQ TCC RUSTS OKM ARG NAKIY BWG BKW GVE PAATS4', 'altitude': '35000', 'aircraft_type': 'A21N/L', 'callsign': 'AAL2300'}
2025-10-27 13:43:13,008 - INFO - Fetched flight plan KPHX -> KMSP: {'route': 'FORPE1 ABQ FTI TBE ONL FSD SSWAN TORGY3', 'altitude': '35000', 'aircraft_type': 'B739/L', 'callsign': 'DAL2287'}
2025-10-27 13:43:13,455 - INFO - Fetched flight plan KPHX -> KBNA: {'route': 'BROAK1 MAXXO FAKEE VEGGE BRISC CASTN OKM LOPPY CHSNE2', 'altitude': '35000', 'aircraft_type': 'C750/L', 'callsign': 'KOW910'}
2025-10-27 13:43:13,882 - INFO - Fetched flight plan KPHX -> KLGA: {'route': 'MRBIL1 JARPA RSK TXC HCT J60 JOT J146 ETG MIP4', 'altitude': '35000', 'aircraft_type': 'GLEX/L', 'callsign': 'N650CV'}
2025-10-27 13:43:14,189 - INFO - Fetched flight plan KPHX -> KOAK: {'route': 'ZEPER2 RRSTA DOVEE BTY RUSME OAKES3', 'altitude': '35000', 'aircraft_type': 'CL35/L', 'callsign': 'EJA756'}
2025-10-27 13:43:14,508 - INFO - Fetched flight plan KPHX -> KBOS: {'route': 'MRBIL1 JARPA KD39S LAA HYS LEWRP Q42 STRUK KG63M DJB WAYLA Q82 MEMMS PONCT JFUND2', 'altitude': '33000', 'aircraft_type': 'A21N/L', 'callsign': 'DAL1676'}
2025-10-27 13:43:14,827 - INFO - Fetched flight plan KPHX -> KIAH: {'route': 'ECLPS1 PHASE ELP Q4 FUSCO DIESL MSCOT4', 'altitude': '35000', 'aircraft_type': 'B739/L', 'callsign': 'UAL1932'}
2025-10-27 13:43:15,145 - INFO - Fetched flight plan KPHX -> KDFW: {'route': 'ECLPS1 PHASE EWM J4 INK GEEKY BOOVE7', 'altitude': '33000', 'aircraft_type': 'A321/L', 'callsign': 'AAL2719'}
2025-10-27 13:43:15,476 - INFO - Fetched flight plan KLAX -> KPHX: {'route': 'DOTSS2 CNERY BLH HYDRR1', 'altitude': '25000', 'aircraft_type': 'B738/L', 'callsign': 'SWA3492'}
2025-10-27 13:43:15,769 - INFO - Fetched flight plan KPIT -> KPHX: {'route': 'BSV FWA STRUK SAAGS FRACA J26 ICT GUP EAGUL6', 'altitude': '30000', 'aircraft_type': 'A321/L', 'callsign': 'AAL1029'}
2025-10-27 13:43:16,106 - INFO - Fetched flight plan KSLC -> KPHX: {'route': 'ARCHZ1 MLF CORKR TENTS BRUSR1', 'altitude': '35000', 'aircraft_type': 'B739/L', 'callsign': 'DAL1431'}
2025-10-27 13:43:16,432 - INFO - Fetched flight plan KSNA -> KPHX: {'route': 'PIGGN3 CNERY BLH HYDRR1', 'altitude': '35000', 'aircraft_type': 'C25B/L', 'callsign': 'JRE765'}
2025-10-27 13:43:16,873 - INFO - Fetched flight plan KBUR -> KPHX: {'route': 'SLAPP2 HEC PRFUM WOTRO BRUSR1', 'altitude': '29000', 'aircraft_type': 'B737/L', 'callsign': 'SWA1573'}
2025-10-27 13:43:17,186 - INFO - Fetched flight plan KSMF -> KPHX: {'route': 'SCTWN4 SHUFL Q13 WOTRO BRUSR1', 'altitude': '29000', 'aircraft_type': 'B737/L', 'callsign': 'SWA4190'}
2025-10-27 13:43:17,494 - INFO - Fetched flight plan KSFO -> KPHX: {'route': 'SSTIK5 KAYEX LOSHN BOILE BLH HYDRR1', 'altitude': '25000', 'aircraft_type': 'A320/L', 'callsign': 'AAL2414'}
2025-10-27 13:43:17,789 - INFO - Fetched flight plan KMSY -> KPHX: {'route': 'LSU FUZ ABQ ZUN EAGUL6', 'altitude': '35000', 'aircraft_type': 'B738/L', 'callsign': 'AAL2223'}
2025-10-27 13:43:18,099 - INFO - Fetched flight plan KPBI -> KPHX: {'route': 'OLAKE2 JAYMC Y280 LEV J86 ELP DRRVR PINNG1', 'altitude': '35000', 'aircraft_type': 'E550/L', 'callsign': 'N84MW'}
2025-10-27 13:43:18,413 - INFO - Fetched flight plan KPVD -> KPHX: {'route': 'PUT BIGGO BUFFY REBBL CXR MAYZE J60 ASHEN BDF GBG ROEZZ SLOWR HYS CIM ZUN EAGUL V528 HOMRR EAGUL6', 'altitude': '35000', 'aircraft_type': 'G280/L', 'callsign': 'N628G'}
2025-10-27 13:43:18,717 - INFO - Fetched flight plan KIAH -> KPHX: {'route': 'BNDTO6 CRGER ELP DRRVR PINNG1', 'altitude': '32000', 'aircraft_type': 'B739/L', 'callsign': 'UAL1798'}
2025-10-27 13:43:19,143 - INFO - Fetched flight plan KBOS -> KPHX: {'route': 'HYLND7 HYLND CAM Q822 GONZZ Q29 KLYNE ROD VHP J110 BUM ICT LBL FTI BUKKO ZUN EAGUL6', 'altitude': '35000', 'aircraft_type': 'A21N/L', 'callsign': 'AAL57Q'}
2025-10-27 13:43:19,448 - INFO - Fetched flight plan KTPA -> KPHX: {'route': 'ENDED2 LACEN PATOY Q116 JAWJA DEFUN CEW MCB FOSIN PNUTS HERRI FRSTI BGTOE INK DRRVR PINNG1', 'altitude': '36000', 'aircraft_type': 'B738/L', 'callsign': 'AAL3333'}
2025-10-27 13:43:19,449 - INFO - Generated 30 total aircraft (2 GA)
2025-10-27 13:43:19,449 - INFO - Generated .air file with 30 aircraft at KPHX_scenario.air
2025-10-27 13:43:19,449 - INFO - Successfully generated 30 aircraft
2025-10-27 13:43:19,449 - INFO - Saved to: KPHX_scenario.air
2025-10-27 13:45:24,303 - INFO - Selected airport: KPHX
2025-10-27 13:45:24,303 - INFO - Loading GeoJSON data...
2025-10-27 13:45:24,304 - INFO - Loaded 198 parking spots and 5 runways
2025-10-27 13:45:26,175 - INFO - Fetched elevation for KPHX: 1135 ft MSL
2025-10-27 13:45:26,175 - INFO - Field elevation for KPHX: 1135 ft MSL
2025-10-27 13:45:26,175 - INFO - GeoJSON data loaded successfully
2025-10-27 13:45:26,175 - INFO - Loading CIFP data...
2025-10-27 13:45:26,437 - INFO - Loaded 63851 waypoints for KPHX
2025-10-27 13:45:26,437 - INFO - Found 11 arrival procedures
2025-10-27 13:45:26,437 - INFO - CIFP data loaded successfully
