2025-10-27 13:29:18,993 - INFO - Logging to: logs\ssg_20251027_132918.log
2025-10-27 13:29:22,716 - INFO - Selected airport: KPHX
2025-10-27 13:29:22,717 - INFO - Loading GeoJSON data...
2025-10-27 13:29:22,718 - INFO - Loaded 198 parking spots and 5 runways
2025-10-27 13:29:24,536 - INFO - Fetched elevation for KPHX: 1135 ft MSL
2025-10-27 13:29:24,536 - INFO - Field elevation for KPHX: 1135 ft MSL
2025-10-27 13:29:24,536 - INFO - GeoJSON data loaded successfully
2025-10-27 13:29:24,537 - INFO - Loading CIFP data...
2025-10-27 13:29:24,801 - INFO - Loaded 63851 waypoints for KPHX
2025-10-27 13:29:24,801 - INFO - Found 11 arrival procedures
2025-10-27 13:29:24,802 - INFO - CIFP data loaded successfully
2025-10-27 13:29:28,328 - INFO - Selected scenario type: ground_mixed
2025-10-27 13:29:30,419 - INFO - Selected scenario type: tower_mixed
2025-10-27 13:29:42,848 - INFO - Loaded configuration from config.json
2025-10-27 13:29:42,849 - INFO - Generating Tower scenario: 15 departures, 15 arrivals
2025-10-27 13:29:43,414 - INFO - Fetched flight plan KPHX -> KRSW: {'route': '', 'altitude': '35000', 'aircraft_type': 'B738/L', 'callsign': None}
2025-10-27 13:29:43,929 - INFO - Fetched flight plan KPHX -> KJFK: {'route': 'FORPE1 ABQ KA39Y SGF J98 FAM WLSUN ZIEBR SITTR Q108 SIE CAMRN5', 'altitude': '35000', 'aircraft_type': 'A320/L', 'callsign': 'JBU136'}
2025-10-27 13:29:44,326 - INFO - Fetched flight plan KPHX -> KBDL: {'route': 'FORPE1 ABQ FTI J18 SLN J24 MCI J80 SPI ROD EWC PSB J49 HNK STELA1', 'altitude': '35000', 'aircraft_type': 'GLEX/L', 'callsign': 'NJE6MF'}
2025-10-27 13:29:44,728 - INFO - Fetched flight plan KPHX -> KCLE: {'route': 'MRBIL1 JARPA RSK GLD J146 LNK CID OBK DETMR BRWNZ4', 'altitude': '37000', 'aircraft_type': 'B737/L', 'callsign': 'SWA2916'}
2025-10-27 13:29:45,234 - INFO - Fetched flight plan KPHX -> KSLC: {'route': 'QUAKY1 GCN BCE QWENN6', 'altitude': '15000', 'aircraft_type': 'B38M/L', 'callsign': 'SWA323'}
2025-10-27 13:29:45,553 - INFO - Fetched flight plan KPHX -> KSFO: {'route': 'KEENS3 HRRBR CURIV J212 DECAS PMD MAKRS SERFR SERFR4', 'altitude': '35000', 'aircraft_type': 'C56X/L', 'callsign': 'N178JC'}
2025-10-27 13:29:45,960 - INFO - Fetched flight plan KPHX -> KBWI: {'route': 'FORPE1 ABQ MMB FAM J78 IIU ZIEBR SITTR CJAAE RAVNN8', 'altitude': '35000', 'aircraft_type': 'B38M/L', 'callsign': 'SWA2309'}
2025-10-27 13:29:46,365 - INFO - Fetched flight plan KPHX -> KMKE: {'route': 'MRBIL1 JARPA RSK BINKE HGO MCK SCB OGECA GOPAC3', 'altitude': '35000', 'aircraft_type': 'A21N/L', 'callsign': 'AAL3147'}
2025-10-27 13:29:46,760 - INFO - Fetched flight plan KPHX -> KLGA: {'route': 'MRBIL1 JARPA RSK TXC HCT J60 JOT J146 ETG MIP4', 'altitude': '35000', 'aircraft_type': 'C750/L', 'callsign': 'KOW301'}
2025-10-27 13:29:46,761 - ERROR - Attempted to reuse parking spot: E4
2025-10-27 13:29:46,761 - ERROR - Error generating scenario
Traceback (most recent call last):
  File "C:\Users\flyma\Desktop\Creative Shrimp\Sweatbox Scenario Generator (SSG)\gui\main_window.py", line 219, in _do_generation
    aircraft = self._generate_aircraft(
        scenario,
    ...<6 lines>...
        arrival_waypoints
    )
  File "C:\Users\flyma\Desktop\Creative Shrimp\Sweatbox Scenario Generator (SSG)\gui\main_window.py", line 295, in _generate_aircraft
    return scenario.generate(num_departures, num_arrivals, active_runways, separation_range)
           ~~~~~~~~~~~~~~~~~^^^^^^^^^^^^^^^^^^^^^^^^^^^^^^^^^^^^^^^^^^^^^^^^^^^^^^^^^^^^^^^^
  File "C:\Users\flyma\Desktop\Creative Shrimp\Sweatbox Scenario Generator (SSG)\scenarios\tower_mixed.py", line 59, in generate
    aircraft = self._create_departure_aircraft(spot)
  File "C:\Users\flyma\Desktop\Creative Shrimp\Sweatbox Scenario Generator (SSG)\scenarios\base_scenario.py", line 257, in _create_departure_aircraft
    raise ValueError(f"Parking spot {parking_spot.name} is already in use!")
ValueError: Parking spot E4 is already in use!
