2025-10-27 16:50:24,638 - INFO - Logging to: logs\ssg_20251027_165024.log
2025-10-27 16:50:30,002 - INFO - Selected airport: KPHX
2025-10-27 16:50:30,003 - INFO - Loading GeoJSON data...
2025-10-27 16:50:30,004 - INFO - Loaded 198 parking spots and 5 runways
2025-10-27 16:50:31,929 - INFO - Fetched elevation for KPHX: 1135 ft MSL
2025-10-27 16:50:31,930 - INFO - Field elevation for KPHX: 1135 ft MSL
2025-10-27 16:50:31,930 - INFO - GeoJSON data loaded successfully
2025-10-27 16:50:31,930 - INFO - Loading CIFP data...
2025-10-27 16:50:32,192 - INFO - Loaded 63851 waypoints for KPHX
2025-10-27 16:50:32,193 - INFO - Found 11 arrival procedures
2025-10-27 16:50:32,193 - INFO - Found 0 approach FAF altitudes
2025-10-27 16:50:32,193 - INFO - CIFP data loaded successfully
2025-10-27 16:50:33,425 - INFO - Selected scenario type: ground_mixed
2025-10-27 16:50:36,757 - INFO - Loaded configuration from config.json
2025-10-27 16:50:36,758 - INFO - Generating 5 departures and 5 arrivals
2025-10-27 16:50:37,849 - INFO - Fetched flight plan KPHX -> KONT: {'route': 'KEENS3 HRRBR PHRED SCBBY2', 'altitude': '26000', 'aircraft_type': 'B738/L', 'callsign': 'SWA5841'}
2025-10-27 16:50:38,497 - INFO - Fetched flight plan KPHX -> KDCA: {'route': 'FORPE1 ABQ FTI KA39Y KK42A MORRR KK48G ULMAN J112 CROCK SLVER IIU Q108 SITTR TRUPS5', 'altitude': '33000', 'aircraft_type': 'A21N/L', 'callsign': 'AAL1634'}
2025-10-27 16:50:39,218 - INFO - Fetched flight plan KPHX -> KSJC: {'route': 'KEENS3 HRRBR CURIV J212 DECAS PMD J6 AVE TROXX SILCN6', 'altitude': '34000', 'aircraft_type': 'A319/L', 'callsign': 'AAL2158'}
2025-10-27 16:50:39,874 - INFO - Fetched flight plan KPHX -> KAUS: {'route': 'ECLPS1 PHASE ELP FST CHILD LAIKS4', 'altitude': '24000', 'aircraft_type': 'B738/L', 'callsign': 'SWA149'}
2025-10-27 16:50:40,845 - INFO - Fetched flight plan KPHX -> KMSP: {'route': 'FORPE1 ABQ FTI TBE LAA GLD ONL SSWAN TORGY3', 'altitude': '35000', 'aircraft_type': 'B739/L', 'callsign': 'DAL2274'}
2025-10-27 16:50:41,534 - INFO - Fetched flight plan KSMF -> KPHX: {'route': 'SCTWN4 SHUFL Q13 WOTRO BRUSR1', 'altitude': '29000', 'aircraft_type': 'B737/L', 'callsign': 'SWA2962'}
2025-10-27 16:50:41,535 - INFO - Creating arrival: SWA2962 at 6.0 NM, alt 2935 ft, hdg 270°, spd 140 kts
2025-10-27 16:50:42,225 - INFO - Fetched flight plan KDFW -> KPHX: {'route': 'WSTEX2 CIKAN EWM DRRVR PINNG1', 'altitude': '34000', 'aircraft_type': 'A321/L', 'callsign': 'AAL2108'}
2025-10-27 16:50:42,226 - INFO - Creating arrival: AAL2108 at 12.0 NM, alt 4735 ft, hdg 270°, spd 140 kts
2025-10-27 16:50:43,202 - INFO - Fetched flight plan KORD -> KPHX: {'route': 'PEKUE PIPPN ELYNA BACNN J18 GCK J96 CIM ZUN EAGUL6', 'altitude': '30000', 'aircraft_type': 'A21N/L', 'callsign': 'AAL9787'}
2025-10-27 16:50:43,203 - INFO - Creating arrival: AAL9787 at 18.0 NM, alt 6535 ft, hdg 270°, spd 140 kts
2025-10-27 16:50:43,832 - INFO - Fetched flight plan KMDW -> KPHX: {'route': 'PEKUE PIPPN ELYNA BACNN STJ J18 GCK J96 CIM ZUN EAGUL6', 'altitude': '36000', 'aircraft_type': 'B38M/L', 'callsign': 'SWA1629'}
2025-10-27 16:50:43,833 - INFO - Creating arrival: SWA1629 at 24.0 NM, alt 8335 ft, hdg 270°, spd 140 kts
2025-10-27 16:50:44,488 - INFO - Fetched flight plan KBNA -> KPHX: {'route': 'PARDN3 HODJS ARG IRW KA30Y IMMAS ZUN EAGUL6', 'altitude': '35000', 'aircraft_type': 'B738/L', 'callsign': 'SWA1675'}
2025-10-27 16:50:44,488 - INFO - Creating arrival: SWA1675 at 30.0 NM, alt 10135 ft, hdg 270°, spd 140 kts
2025-10-27 16:50:44,488 - INFO - Generated 10 total aircraft
2025-10-27 16:50:44,489 - INFO - Generated .air file with 10 aircraft at KPHX_scenario.air
2025-10-27 16:50:44,489 - INFO - Successfully generated 10 aircraft
2025-10-27 16:50:44,489 - INFO - Saved to: KPHX_scenario.air
2025-10-27 16:50:49,104 - INFO - Fetched coordinates for KPHX: 33.434269, -112.011002
2025-10-27 16:50:49,105 - INFO - Airport KPHX is in ARTCC ZAB
2025-10-27 16:50:49,105 - INFO - Auto-detected ARTCC: ZAB for airport KPHX
2025-10-27 16:50:49,105 - INFO - Created vNAS scenario with 10 aircraft
2025-10-27 16:50:49,106 - INFO - Launching undetected Chrome browser for vNAS login...
2025-10-27 16:50:49,497 - INFO - patching driver executable C:\Users\flyma\appdata\roaming\undetected_chromedriver\undetected_chromedriver.exe
2025-10-27 16:50:50,996 - INFO - Navigating to https://data-admin.vnas.vatsim.net/training
2025-10-27 16:50:51,989 - INFO - Please log in to vNAS and navigate to your scenario in the browser window...
2025-10-27 16:50:51,989 - INFO - Waiting for you to navigate to a scenario (URL pattern: /scenarios/{scenario-id})...
2025-10-27 16:51:13,685 - INFO - Waiting for all cookies to be set...
2025-10-27 16:51:18,688 - INFO - Scenario page detected! URL: https://data-admin.vnas.vatsim.net/training/scenarios/01JWBNNWYCP0J3XTHGXT0GPQ1R
2025-10-27 16:51:18,688 - INFO - Automatically extracted scenario ID: 01JWBNNWYCP0J3XTHGXT0GPQ1R
2025-10-27 16:51:18,689 - INFO - Navigating to API domain to capture authentication cookies...
2025-10-27 16:51:20,917 - INFO - Successfully navigated to API domain
2025-10-27 16:51:20,920 - ERROR - No cookies found after login
2025-10-27 16:51:20,920 - INFO - Closing browser...
2025-10-27 16:51:21,059 - INFO - Browser closed successfully
2025-10-27 16:51:34,400 - INFO - ensuring close
