2025-10-27 17:58:51,770 - INFO - Logging to: logs\ssg_20251027_175851.log
2025-10-27 17:58:55,602 - INFO - Selected airport: KPHX
2025-10-27 17:58:55,602 - INFO - Loading GeoJSON data...
2025-10-27 17:58:55,603 - INFO - Loaded 198 parking spots and 5 runways
2025-10-27 17:58:57,279 - INFO - Fetched elevation for KPHX: 1135 ft MSL
2025-10-27 17:58:57,279 - INFO - Field elevation for KPHX: 1135 ft MSL
2025-10-27 17:58:57,280 - INFO - GeoJSON data loaded successfully
2025-10-27 17:58:57,280 - INFO - Loading CIFP data...
2025-10-27 17:58:57,545 - INFO - Loaded 63851 waypoints for KPHX
2025-10-27 17:58:57,546 - INFO - Found 11 arrival procedures
2025-10-27 17:58:57,546 - INFO - Found 0 approach FAF altitudes
2025-10-27 17:58:57,546 - INFO - CIFP data loaded successfully
2025-10-27 17:59:18,053 - INFO - Selected scenario type: ground_mixed
2025-10-27 17:59:24,393 - INFO - Loaded configuration from config.json
2025-10-27 17:59:24,395 - INFO - Generating 15 departures and 15 arrivals
2025-10-27 17:59:24,943 - INFO - Fetched flight plan KPHX -> KSJC: {'route': 'KEENS3 HRRBR CURIV J212 DECAS PMD J6 AVE TROXX SILCN6', 'altitude': '35000', 'aircraft_type': 'C680/L', 'callsign': 'PXT680'}
2025-10-27 17:59:25,255 - INFO - Fetched flight plan KPHX -> KMIA: {'route': 'ECLPS1 PHASE EWM LINZY KH06Y JCT KH90E BLVNS Y290 GAWKS FROGZ4', 'altitude': '35000', 'aircraft_type': 'B38M/L', 'callsign': 'AAL2155'}
2025-10-27 17:59:25,569 - INFO - Fetched flight plan KPHX -> KMCO: {'route': 'ECLPS1 PHASE ELP FST J86 LEV Y280 CHRGE PRICY4', 'altitude': '35000', 'aircraft_type': 'B38M/L', 'callsign': 'SWA4132'}
2025-10-27 17:59:25,895 - INFO - Fetched flight plan KPHX -> KBDL: {'route': 'FORPE1 ABQ FTI J18 SLN J24 MCI J80 SPI ROD EWC PSB J49 HNK STELA1', 'altitude': '35000', 'aircraft_type': 'BCS3/L', 'callsign': 'MXY517'}
2025-10-27 17:59:26,219 - INFO - Fetched flight plan KPHX -> KPHL: {'route': 'ECLPS1 PHASE EWM J4 INK AGJ SWB MEI THRSR TWOUP Q22 BEARI BBDOL PAATS4', 'altitude': '35000', 'aircraft_type': 'A21N/L', 'callsign': 'AAL2301'}
2025-10-27 17:59:26,550 - INFO - Fetched flight plan KPHX -> KCLT: {'route': 'FORPE1 ABQ SWO TUL RZC FLP LOPPY MTHEW TAZZA FILPZ4', 'altitude': '29000', 'aircraft_type': 'A321/L', 'callsign': 'AAL3227'}
2025-10-27 17:59:26,865 - INFO - Fetched flight plan KPHX -> KSTL: {'route': 'FORPE1 ABQ FTI KA36W ICT FOWNE BUM KAYLA3', 'altitude': '11000', 'aircraft_type': 'B38M/L', 'callsign': 'SWA4280'}
2025-10-27 17:59:27,214 - INFO - Fetched flight plan KPHX -> KRDU: {'route': 'FORPE1 ABQ FTI MORRR EUNIK JHAUN IIU FRIKY ALDAN4', 'altitude': '35000', 'aircraft_type': 'A321/L', 'callsign': 'AAL2332'}
2025-10-27 17:59:27,565 - INFO - Fetched flight plan KPHX -> KIAH: {'route': 'STRRM1 TUS ELP Q4 FUSCO DIESL GUSHR3', 'altitude': '35000', 'aircraft_type': 'B739/L', 'callsign': 'UAL1932'}
2025-10-27 17:59:27,930 - INFO - Fetched flight plan KPHX -> KSAN: {'route': 'FYRBD1 MOHAK J2 HOGGZ LUCKI1', 'altitude': '24000', 'aircraft_type': 'A20N/L', 'callsign': 'FFT1571'}
2025-10-27 17:59:28,239 - INFO - Fetched flight plan KPHX -> KPIT: {'route': 'FORPE1 ABQ KA39Y KK42A FRACA KK54G SPI MACES APE CTW FEWGA7', 'altitude': '35000', 'aircraft_type': 'A320/L', 'callsign': 'AAL2871'}
2025-10-27 17:59:28,547 - INFO - Fetched flight plan KPHX -> KMKE: {'route': 'MRBIL1 JARPA RSK BINKE HGO MCK SCB OGECA GOPAC3', 'altitude': '35000', 'aircraft_type': 'A21N/L', 'callsign': 'AAL3147'}
2025-10-27 17:59:28,869 - INFO - Fetched flight plan KCLT -> KPHX: {'route': 'BOBZY5 BNA J46 TUL MMB FTI J244 ZUN EAGUL6', 'altitude': '35000', 'aircraft_type': 'FA8X/L', 'callsign': 'N988H'}
2025-10-27 17:59:28,870 - INFO - Creating arrival: N988H at 6.0 NM, alt 2935 ft, hdg 270°, spd 140 kts
2025-10-27 17:59:29,159 - INFO - Fetched flight plan KDCA -> KPHX: {'route': 'REBLL5 OTTTO Q176 STEVY Q176 BICKS PXV TWRAY J98 SGF KA36Y ZUN EAGUL6', 'altitude': '35000', 'aircraft_type': 'A21N/L', 'callsign': 'AAL1218'}
2025-10-27 17:59:29,160 - INFO - Creating arrival: AAL1218 at 12.0 NM, alt 4735 ft, hdg 270°, spd 140 kts
2025-10-27 17:59:29,490 - INFO - Fetched flight plan KPDX -> KPHX: {'route': 'CASCD4 PUHTS PAWLI YERIN J92 BLD PRFUM WOTRO BRUSR1', 'altitude': '35000', 'aircraft_type': 'PC24/L', 'callsign': 'CTF52'}
2025-10-27 17:59:29,491 - INFO - Creating arrival: CTF52 at 18.0 NM, alt 6535 ft, hdg 270°, spd 140 kts
2025-10-27 17:59:29,963 - INFO - Fetched flight plan KABQ -> KPHX: {'route': 'ADYOS3 ZUN EAGUL6', 'altitude': '35000', 'aircraft_type': 'B737/L', 'callsign': 'SWA1689'}
2025-10-27 17:59:29,964 - INFO - Creating arrival: SWA1689 at 24.0 NM, alt 8335 ft, hdg 270°, spd 140 kts
2025-10-27 17:59:30,283 - INFO - Fetched flight plan KMCO -> KPHX: {'route': 'RDSOX1 JFRYS PATOY Q116 JAWJA CABLO DEFUN J2 CEW GCV MCB FOSIN PNUTS POWND BGTOE INK J50 ALIBY DRRVR PINNG1', 'altitude': '36000', 'aircraft_type': 'B737/L', 'callsign': 'SWA1328'}
2025-10-27 17:59:30,284 - INFO - Creating arrival: SWA1328 at 30.0 NM, alt 10135 ft, hdg 270°, spd 140 kts
2025-10-27 17:59:30,650 - INFO - Fetched flight plan KDFW -> KPHX: {'route': 'WSTEX2 CIKAN EWM DRRVR PINNG1', 'altitude': '20000', 'aircraft_type': 'A321/L', 'callsign': 'AAL1999'}
2025-10-27 17:59:30,651 - INFO - Creating arrival: AAL1999 at 36.0 NM, alt 11935 ft, hdg 270°, spd 140 kts
2025-10-27 17:59:30,958 - INFO - Fetched flight plan KBOS -> KPHX: {'route': 'HYLND7 HYLND CAM Q822 GONZZ Q29 KLYNE ROD VHP J110 SCAWT BUM ICT LBL FTI BUKKO ZUN EAGUL6', 'altitude': '30000', 'aircraft_type': 'A21N/L', 'callsign': 'AAL2315'}
2025-10-27 17:59:30,959 - INFO - Creating arrival: AAL2315 at 42.0 NM, alt 13735 ft, hdg 270°, spd 140 kts
2025-10-27 17:59:31,326 - INFO - Fetched flight plan KDEN -> KPHX: {'route': 'SMMUR2 DAAYE PUMPS GUP EAGUL6', 'altitude': '35000', 'aircraft_type': 'B38M/L', 'callsign': 'SWA2629'}
2025-10-27 17:59:31,327 - INFO - Creating arrival: SWA2629 at 48.0 NM, alt 15535 ft, hdg 270°, spd 140 kts
2025-10-27 17:59:31,700 - INFO - Fetched flight plan KLAS -> KPHX: {'route': 'RASLR3 ZAYNE WOTRO BRUSR1', 'altitude': '27000', 'aircraft_type': 'A20N/L', 'callsign': 'FFT4116'}
2025-10-27 17:59:31,701 - INFO - Creating arrival: FFT4116 at 54.0 NM, alt 17335 ft, hdg 270°, spd 140 kts
2025-10-27 17:59:32,019 - INFO - Fetched flight plan KAUS -> KPHX: {'route': 'MUCKY3 MUCKY JCT ELP DRRVR PINNG1', 'altitude': '36000', 'aircraft_type': 'A20N/L', 'callsign': 'FFT3659'}
2025-10-27 17:59:32,020 - INFO - Creating arrival: FFT3659 at 60.0 NM, alt 19135 ft, hdg 270°, spd 140 kts
2025-10-27 17:59:32,346 - INFO - Fetched flight plan KONT -> KPHX: {'route': 'RAJEE4 MTBAL CNERY BLH HYDRR1', 'altitude': '24000', 'aircraft_type': 'A319/L', 'callsign': 'AAL2626'}
2025-10-27 17:59:32,347 - INFO - Creating arrival: AAL2626 at 66.0 NM, alt 20935 ft, hdg 270°, spd 140 kts
2025-10-27 17:59:32,646 - INFO - Fetched flight plan KRSW -> KPHX: {'route': 'CSHEL7 JAWJA CABLO DEFUN J2 IAH J86 ELP DRRVR PINNG1', 'altitude': '30000', 'aircraft_type': 'G150/L', 'callsign': 'NJM285'}
2025-10-27 17:59:32,647 - INFO - Creating arrival: NJM285 at 72.0 NM, alt 22735 ft, hdg 270°, spd 140 kts
2025-10-27 17:59:32,953 - INFO - Fetched flight plan KCLE -> KPHX: {'route': 'GTLKE4 YABRO IOW KP60C OATHE GOSIP ROSEI GUP EAGUL6', 'altitude': '35000', 'aircraft_type': 'B38M/L', 'callsign': 'SWA2100'}
2025-10-27 17:59:32,954 - INFO - Creating arrival: SWA2100 at 78.0 NM, alt 24535 ft, hdg 270°, spd 140 kts
2025-10-27 17:59:32,954 - INFO - Creating arrival: SWA8205 at 84.0 NM, alt 26335 ft, hdg 270°, spd 140 kts
2025-10-27 17:59:32,954 - INFO - Creating arrival: UAL2642 at 90.0 NM, alt 28135 ft, hdg 270°, spd 140 kts
2025-10-27 17:59:32,954 - INFO - Generated 30 total aircraft
2025-10-27 17:59:32,955 - INFO - Generated .air file with 30 aircraft at KPHX_scenario.air
2025-10-27 17:59:32,955 - INFO - Successfully generated 30 aircraft
2025-10-27 17:59:32,955 - INFO - Saved to: KPHX_scenario.air
2025-10-27 17:59:39,871 - INFO - Fetched coordinates for KPHX: 33.434269, -112.011002
2025-10-27 17:59:39,872 - INFO - Airport KPHX is in ARTCC ZAB
2025-10-27 17:59:39,872 - INFO - Auto-detected ARTCC: ZAB for airport KPHX
2025-10-27 17:59:39,873 - INFO - Created vNAS scenario with 30 aircraft
2025-10-27 17:59:39,874 - INFO - Launching undetected Chrome browser for vNAS login...
2025-10-27 17:59:40,236 - INFO - patching driver executable C:\Users\flyma\appdata\roaming\undetected_chromedriver\undetected_chromedriver.exe
2025-10-27 17:59:41,749 - INFO - Navigating to https://data-admin.vnas.vatsim.net/training
2025-10-27 17:59:42,092 - INFO - ============================================================
2025-10-27 17:59:42,092 - INFO - BROWSER INSTRUCTIONS
2025-10-27 17:59:42,092 - INFO - ============================================================
2025-10-27 17:59:42,092 - INFO - 1. Log in to vNAS Data Admin
2025-10-27 17:59:42,093 - INFO - 2. Navigate to the scenario you want to update
2025-10-27 17:59:42,093 - INFO - 3. Scenario ID will be extracted automatically
2025-10-27 17:59:42,093 - INFO - ============================================================
2025-10-27 17:59:59,579 - INFO - Scenario page detected! URL: https://data-admin.vnas.vatsim.net/training/scenarios/01JWBNNWYCP0J3XTHGXT0GPQ1R
2025-10-27 17:59:59,579 - INFO - Automatically extracted scenario ID: 01JWBNNWYCP0J3XTHGXT0GPQ1R
2025-10-27 17:59:59,579 - INFO - Browser authenticated successfully. Ready to make API requests.
2025-10-27 17:59:59,580 - INFO - Fetching existing scenario data...
2025-10-27 17:59:59,580 - INFO - Fetching existing scenario: 01JWBNNWYCP0J3XTHGXT0GPQ1R
2025-10-27 17:59:59,651 - INFO - Successfully fetched existing scenario
2025-10-27 17:59:59,651 - INFO - Merging new aircraft with existing scenario...
2025-10-27 17:59:59,651 - INFO - ============================================================
2025-10-27 17:59:59,651 - INFO - PUSHING SCENARIO VIA BROWSER
2025-10-27 17:59:59,651 - INFO - ============================================================
2025-10-27 17:59:59,651 - INFO - Endpoint: https://data-api.vnas.vatsim.net/api/training/scenarios/01JWBNNWYCP0J3XTHGXT0GPQ1R
2025-10-27 17:59:59,651 - INFO - Scenario ID: 01JWBNNWYCP0J3XTHGXT0GPQ1R
2025-10-27 17:59:59,651 - INFO - Request body size: 15246 bytes
2025-10-27 17:59:59,651 - INFO - ============================================================
2025-10-27 17:59:59,652 - INFO - Executing PUT request through browser...
2025-10-27 17:59:59,733 - INFO - ============================================================
2025-10-27 17:59:59,733 - INFO - API RESPONSE DEBUG
2025-10-27 17:59:59,733 - INFO - ============================================================
2025-10-27 17:59:59,733 - INFO - Status Code: 204
2025-10-27 17:59:59,733 - INFO - Status Text: 
2025-10-27 17:59:59,733 - INFO - Response Body (first 500 chars): 
2025-10-27 17:59:59,733 - INFO - ============================================================
2025-10-27 17:59:59,734 - INFO - Successfully pushed scenario to vNAS (status 204)
2025-10-27 17:59:59,734 - INFO - Closing browser...
2025-10-27 17:59:59,886 - INFO - Browser closed successfully
2025-10-27 18:01:10,826 - INFO - ensuring close
