2025-10-27 17:09:11,114 - INFO - Logging to: logs\ssg_20251027_170911.log
2025-10-27 17:09:14,752 - INFO - Selected airport: KPHX
2025-10-27 17:09:14,753 - INFO - Loading GeoJSON data...
2025-10-27 17:09:14,754 - INFO - Loaded 198 parking spots and 5 runways
2025-10-27 17:09:16,753 - INFO - Fetched elevation for KPHX: 1135 ft MSL
2025-10-27 17:09:16,754 - INFO - Field elevation for KPHX: 1135 ft MSL
2025-10-27 17:09:16,754 - INFO - GeoJSON data loaded successfully
2025-10-27 17:09:16,754 - INFO - Loading CIFP data...
2025-10-27 17:09:17,018 - INFO - Loaded 63851 waypoints for KPHX
2025-10-27 17:09:17,019 - INFO - Found 11 arrival procedures
2025-10-27 17:09:17,019 - INFO - Found 0 approach FAF altitudes
2025-10-27 17:09:17,019 - INFO - CIFP data loaded successfully
2025-10-27 17:09:18,193 - INFO - Selected scenario type: ground_mixed
2025-10-27 17:09:21,491 - INFO - Loaded configuration from config.json
2025-10-27 17:09:21,492 - INFO - Generating 5 departures and 5 arrivals
2025-10-27 17:09:22,517 - INFO - Fetched flight plan KPHX -> KSAN: {'route': 'KEENS3 WLVRN PKE LUCKI1', 'altitude': '12000', 'aircraft_type': 'A321/L', 'callsign': 'AAL3270'}
2025-10-27 17:09:23,490 - INFO - Fetched flight plan KPHX -> KMSP: {'route': 'QUAKY1 RIMMM HVE DDY UFFDA TORGY3', 'altitude': '35000', 'aircraft_type': 'B738/L', 'callsign': 'AAL408'}
2025-10-27 17:09:24,137 - INFO - Fetched flight plan KPHX -> KBNA: {'route': 'BROAK1 MAXXO IRW KM33I LOPPY CHSNE3', 'altitude': '35000', 'aircraft_type': 'A319/L', 'callsign': 'AAL2580'}
2025-10-27 17:09:24,780 - INFO - Fetched flight plan KPHX -> KMIA: {'route': 'ECLPS1 PHASE LINZY KH06Y KEMPL SAT PSX HOODO LEV Q102 BLVNS Y290 GAWKS FROGZ4', 'altitude': '35000', 'aircraft_type': 'A21N/L', 'callsign': 'AAL2654'}
2025-10-27 17:09:25,422 - INFO - Fetched flight plan KSAT -> KPHX: {'route': 'ALISS7 ALISS FST ELP J50 ALIBY DRRVR PINNG1', 'altitude': '34000', 'aircraft_type': 'A319/L', 'callsign': 'AAL2448'}
2025-10-27 17:09:25,423 - INFO - Creating arrival: AAL2448 at 6.0 NM, alt 2935 ft, hdg 270°, spd 140 kts
2025-10-27 17:09:26,069 - INFO - Fetched flight plan KPIT -> KPHX: {'route': 'BSV FWA ARLYN BUM Q176 ROKNE J134 ICT FTI SAF ZUN EAGUL6', 'altitude': '35000', 'aircraft_type': 'B738/L', 'callsign': 'AAL653'}
2025-10-27 17:09:26,069 - INFO - Creating arrival: AAL653 at 12.0 NM, alt 4735 ft, hdg 270°, spd 140 kts
2025-10-27 17:09:26,710 - INFO - Fetched flight plan KCMH -> KPHX: {'route': 'PKACZ TARRY DQN STL KK42C CIM ESPAN TANER GUP EAGUL6', 'altitude': '35000', 'aircraft_type': 'B738/L', 'callsign': 'AAL1958'}
2025-10-27 17:09:26,710 - INFO - Creating arrival: AAL1958 at 18.0 NM, alt 6535 ft, hdg 270°, spd 140 kts
2025-10-27 17:09:26,711 - INFO - Creating arrival: SWA9720 at 24.0 NM, alt 8335 ft, hdg 270°, spd 140 kts
2025-10-27 17:09:27,692 - INFO - Fetched flight plan KMKE -> KPHX: {'route': 'GREAS DBQ LMN GCK KK45Y ESPAN BUKKO ZUN EAGUL6', 'altitude': '35000', 'aircraft_type': 'A319/L', 'callsign': 'AAL2522'}
2025-10-27 17:09:27,693 - INFO - Creating arrival: AAL2522 at 30.0 NM, alt 10135 ft, hdg 270°, spd 140 kts
2025-10-27 17:09:27,693 - INFO - Generated 10 total aircraft
2025-10-27 17:09:27,693 - INFO - Generated .air file with 10 aircraft at KPHX_scenario.air
2025-10-27 17:09:27,693 - INFO - Successfully generated 10 aircraft
2025-10-27 17:09:27,694 - INFO - Saved to: KPHX_scenario.air
2025-10-27 17:09:31,820 - INFO - Fetched coordinates for KPHX: 33.434269, -112.011002
2025-10-27 17:09:31,821 - INFO - Airport KPHX is in ARTCC ZAB
2025-10-27 17:09:31,821 - INFO - Auto-detected ARTCC: ZAB for airport KPHX
2025-10-27 17:09:31,822 - INFO - Created vNAS scenario with 10 aircraft
2025-10-27 17:09:31,823 - INFO - Launching undetected Chrome browser for vNAS login...
2025-10-27 17:09:32,195 - INFO - patching driver executable C:\Users\flyma\appdata\roaming\undetected_chromedriver\undetected_chromedriver.exe
2025-10-27 17:09:33,684 - INFO - Navigating to https://data-admin.vnas.vatsim.net/training
2025-10-27 17:09:33,968 - INFO - Please log in to vNAS and navigate to your scenario in the browser window...
2025-10-27 17:09:33,969 - INFO - Waiting for you to navigate to a scenario (URL pattern: /scenarios/{scenario-id})...
2025-10-27 17:09:56,865 - INFO - Waiting for all cookies to be set...
2025-10-27 17:10:01,869 - INFO - Scenario page detected! URL: https://data-admin.vnas.vatsim.net/training/scenarios/01JWBNNWYCP0J3XTHGXT0GPQ1R
2025-10-27 17:10:01,869 - INFO - Automatically extracted scenario ID: 01JWBNNWYCP0J3XTHGXT0GPQ1R
2025-10-27 17:10:01,869 - INFO - Browser authenticated successfully. Ready to make API requests.
2025-10-27 17:10:01,869 - INFO - Testing connection before pushing scenario...
2025-10-27 17:10:01,920 - ERROR - Connection test failed: Connection test failed with status 405
2025-10-27 17:10:01,920 - INFO - Closing browser...
2025-10-27 17:10:02,079 - INFO - Browser closed successfully
2025-10-27 17:15:24,155 - INFO - ensuring close
