2025-10-27 15:36:23,371 - INFO - Logging to: logs\ssg_20251027_153623.log
2025-10-27 15:36:28,636 - INFO - Selected airport: KPHX
2025-10-27 15:36:28,637 - INFO - Loading GeoJSON data...
2025-10-27 15:36:28,638 - INFO - Loaded 198 parking spots and 5 runways
2025-10-27 15:36:30,623 - INFO - Fetched elevation for KPHX: 1135 ft MSL
2025-10-27 15:36:30,623 - INFO - Field elevation for KPHX: 1135 ft MSL
2025-10-27 15:36:30,623 - INFO - GeoJSON data loaded successfully
2025-10-27 15:36:30,623 - INFO - Loading CIFP data...
2025-10-27 15:36:30,889 - INFO - Loaded 63851 waypoints for KPHX
2025-10-27 15:36:30,890 - INFO - Found 11 arrival procedures
2025-10-27 15:36:30,890 - INFO - Found 0 approach FAF altitudes
2025-10-27 15:36:30,890 - INFO - CIFP data loaded successfully
2025-10-27 15:36:35,241 - INFO - Selected scenario type: ground_mixed
2025-10-27 15:36:39,703 - INFO - Loaded configuration from config.json
2025-10-27 15:36:39,705 - INFO - Generating 5 departures and 5 arrivals
2025-10-27 15:36:40,729 - INFO - Fetched flight plan KPHX -> KMSY: {'route': 'ECLPS1 PHASE ELP J2 FST J86 IAH J2 LCH AWDAD1', 'altitude': '35000', 'aircraft_type': 'CL35/L', 'callsign': 'N93EC'}
2025-10-27 15:36:41,392 - INFO - Fetched flight plan KPHX -> KEWR: {'route': 'BROAK1 MAXXO ACH TOTOE ICT BUM STL VHP ROD KLYNE Q29 DORET J584 SLT FQM3', 'altitude': '35000', 'aircraft_type': 'B739/L', 'callsign': 'UAL1375'}
2025-10-27 15:36:41,393 - INFO - Creating GA aircraft for parking spot: GA3
2025-10-27 15:36:42,067 - INFO - Fetched flight plan KPHX -> KSAT: {'route': 'ECLPS1 PHASE ELP FST J138 SHUCK MOPPP DNKIN1', 'altitude': '24000', 'aircraft_type': 'A320/L', 'callsign': 'AAL570'}
2025-10-27 15:36:42,724 - INFO - Fetched flight plan KDTW -> KPHX: {'route': 'KAYLN3 SMUUV IANNA EYHUX KP69C PECKS KD60Y ZUN EAGUL6', 'altitude': '35000', 'aircraft_type': 'B738/L', 'callsign': 'AAL1728'}
2025-10-27 15:36:42,725 - INFO - Creating arrival: AAL1728 at 6.0 NM, alt 2935 ft, hdg 270°, spd 140 kts
2025-10-27 15:36:43,395 - INFO - Fetched flight plan KSFO -> KPHX: {'route': 'SSTIK5 KAYEX LOSHN BOILE BLH HYDRR1', 'altitude': '25000', 'aircraft_type': 'A320/L', 'callsign': 'AAL2414'}
2025-10-27 15:36:43,396 - INFO - Creating arrival: AAL2414 at 12.0 NM, alt 4735 ft, hdg 270°, spd 140 kts
2025-10-27 15:36:44,074 - INFO - Fetched flight plan KCMH -> KPHX: {'route': 'PKACZ TARRY DQN SGF DHT TANER GUP EAGUL6', 'altitude': '35000', 'aircraft_type': 'B38M/L', 'callsign': 'SWA4177'}
2025-10-27 15:36:44,075 - INFO - Creating arrival: SWA4177 at 18.0 NM, alt 6535 ft, hdg 270°, spd 140 kts
2025-10-27 15:36:44,790 - INFO - Fetched flight plan KLAS -> KPHX: {'route': 'RASLR3 ZAYNE WOTRO BRUSR1', 'altitude': '24000', 'aircraft_type': 'E55P/L', 'callsign': 'EJA438'}
2025-10-27 15:36:44,791 - INFO - Creating arrival: EJA438 at 24.0 NM, alt 8335 ft, hdg 270°, spd 140 kts
2025-10-27 15:36:46,897 - INFO - Fetched flight plan KATL -> KPHX: {'route': 'NASSA2 VUZ HRISN CLOUT IZAAC EIC MRSSH BROBB DOSXX CRUZZ CNM ELP DRRVR PINNG1', 'altitude': '35000', 'aircraft_type': 'B752/L', 'callsign': 'DAL1235'}
2025-10-27 15:36:46,898 - INFO - Creating arrival: DAL1235 at 30.0 NM, alt 10135 ft, hdg 270°, spd 140 kts
2025-10-27 15:36:46,898 - INFO - Generated 10 total aircraft
2025-10-27 15:36:46,899 - INFO - Generated .air file with 10 aircraft at KPHX_scenario.air
2025-10-27 15:36:46,900 - INFO - Successfully generated 10 aircraft
2025-10-27 15:36:46,900 - INFO - Saved to: KPHX_scenario.air
2025-10-27 15:36:53,445 - INFO - Attempting to load cookies from Chrome using pycookiecheat (Windows)
2025-10-27 15:36:53,488 - INFO - Attempting to load cookies from Chrome with domain: vnas.vatsim.net
2025-10-27 15:36:59,764 - INFO - Attempting to load cookies from Chrome with domain: .vnas.vatsim.net
2025-10-27 15:37:05,102 - INFO - Attempting to load cookies from Chrome with domain: data-api.vnas.vatsim.net
2025-10-27 15:37:10,456 - INFO - Attempting to load cookies from Chrome with domain: .vatsim.net
2025-10-27 15:37:15,812 - INFO - Attempting to load cookies from Chrome with domain: all domains
2025-10-27 15:37:21,142 - INFO - Attempting to load cookies from Edge with domain: vnas.vatsim.net
2025-10-27 15:37:21,145 - INFO - Attempting to load cookies from Edge with domain: .vnas.vatsim.net
2025-10-27 15:37:21,147 - INFO - Attempting to load cookies from Edge with domain: data-api.vnas.vatsim.net
2025-10-27 15:37:21,149 - INFO - Attempting to load cookies from Edge with domain: .vatsim.net
2025-10-27 15:37:21,151 - INFO - Attempting to load cookies from Edge with domain: all domains
2025-10-27 15:37:21,153 - INFO - Attempting to load cookies from Firefox with domain: vnas.vatsim.net
2025-10-27 15:37:21,153 - INFO - Attempting to load cookies from Firefox with domain: .vnas.vatsim.net
2025-10-27 15:37:21,154 - INFO - Attempting to load cookies from Firefox with domain: data-api.vnas.vatsim.net
2025-10-27 15:37:21,154 - INFO - Attempting to load cookies from Firefox with domain: .vatsim.net
2025-10-27 15:37:21,154 - INFO - Attempting to load cookies from Firefox with domain: all domains
2025-10-27 15:37:21,154 - WARNING - Could not load cookies from any browser
2025-10-27 15:37:21,155 - INFO - TIP: Install pycookiecheat for better Windows Chrome support: pip install pycookiecheat
