2025-10-27 15:54:59,531 - INFO - Logging to: logs\ssg_20251027_155459.log
2025-10-27 15:55:04,106 - INFO - Selected airport: KPHX
2025-10-27 15:55:04,106 - INFO - Loading GeoJSON data...
2025-10-27 15:55:04,108 - INFO - Loaded 198 parking spots and 5 runways
2025-10-27 15:55:06,081 - INFO - Fetched elevation for KPHX: 1135 ft MSL
2025-10-27 15:55:06,082 - INFO - Field elevation for KPHX: 1135 ft MSL
2025-10-27 15:55:06,082 - INFO - GeoJSON data loaded successfully
2025-10-27 15:55:06,082 - INFO - Loading CIFP data...
2025-10-27 15:55:06,346 - INFO - Loaded 63851 waypoints for KPHX
2025-10-27 15:55:06,346 - INFO - Found 11 arrival procedures
2025-10-27 15:55:06,346 - INFO - Found 0 approach FAF altitudes
2025-10-27 15:55:06,347 - INFO - CIFP data loaded successfully
2025-10-27 15:55:08,478 - INFO - Selected scenario type: ground_mixed
2025-10-27 15:55:12,162 - INFO - Loaded configuration from config.json
2025-10-27 15:55:12,164 - INFO - Generating 5 departures and 5 arrivals
2025-10-27 15:55:13,095 - INFO - Fetched flight plan KPHX -> KMSY: {'route': 'BROAK1 MAXXO CNX KEBYO HULZE FUZ LSU AWDAD1', 'altitude': '35000', 'aircraft_type': 'B737/L', 'callsign': 'SWA1577'}
2025-10-27 15:55:14,091 - INFO - Fetched flight plan KPHX -> KCMH: {'route': 'BROAK1 MAXXO ACT SWB SQS GETTA JAKTZ2', 'altitude': '35000', 'aircraft_type': 'B38M/L', 'callsign': 'SWA3761'}
2025-10-27 15:55:14,731 - INFO - Fetched flight plan KPHX -> KRDU: {'route': 'BROAK1 MAXXO PNH MEM BRXTN RAFTN SPA JURDI DMSTR2', 'altitude': '35000', 'aircraft_type': 'A321/L', 'callsign': 'AAL2332'}
2025-10-27 15:55:15,735 - INFO - Fetched flight plan KPHX -> KSNA: {'route': 'KEENS3 HRRBR EMLLD DSNEE6', 'altitude': '30000', 'aircraft_type': 'C25B/L', 'callsign': 'N503KK'}
2025-10-27 15:55:16,373 - INFO - Fetched flight plan KPHX -> KMSP: {'route': 'FORPE1 ABQ FTI TBE ONL FSD SSWAN TORGY3', 'altitude': '35000', 'aircraft_type': 'A321/L', 'callsign': 'DAL2274'}
2025-10-27 15:55:17,039 - INFO - Fetched flight plan KMSP -> KPHX: {'route': 'SCHEP1 RXANN TEYOU LLUKY ONL PUB J64 RSK FLG DUTEY MAIER BRUSR1', 'altitude': '35000', 'aircraft_type': 'B739/L', 'callsign': 'DAL978'}
2025-10-27 15:55:17,040 - INFO - Creating arrival: DAL978 at 6.0 NM, alt 2935 ft, hdg 270°, spd 140 kts
2025-10-27 15:55:17,726 - INFO - Fetched flight plan KMCO -> KPHX: {'route': 'OSPRY1 REMIS Y280 REDFN LCH JUMBO INK ELP J50 ALIBY DRRVR PINNG1', 'altitude': '35000', 'aircraft_type': 'A321/L', 'callsign': 'AAL2226'}
2025-10-27 15:55:17,727 - INFO - Creating arrival: AAL2226 at 12.0 NM, alt 4735 ft, hdg 270°, spd 140 kts
2025-10-27 15:55:17,727 - INFO - Creating arrival: AAL7896 at 18.0 NM, alt 6535 ft, hdg 270°, spd 140 kts
2025-10-27 15:55:18,382 - INFO - Fetched flight plan KORD -> KPHX: {'route': 'PEKUE PIGGG QUANE CARET ROEZZ STJ GCK KK45Y ESPAN ZUN EAGUL6', 'altitude': '35000', 'aircraft_type': 'A321/L', 'callsign': 'AAL3137'}
2025-10-27 15:55:18,383 - INFO - Creating arrival: AAL3137 at 24.0 NM, alt 8335 ft, hdg 270°, spd 140 kts
2025-10-27 15:55:19,011 - INFO - Fetched flight plan KTPA -> KPHX: {'route': 'DORMR3 FROOT ROZZI Y280 LEV GUSTI CLL SJT KF09Y ELP DRRVR PINNG1', 'altitude': '35000', 'aircraft_type': 'A321/L', 'callsign': 'AAL2232'}
2025-10-27 15:55:19,012 - INFO - Creating arrival: AAL2232 at 30.0 NM, alt 10135 ft, hdg 270°, spd 140 kts
2025-10-27 15:55:19,012 - INFO - Generated 10 total aircraft
2025-10-27 15:55:19,013 - INFO - Generated .air file with 10 aircraft at KPHX_scenario.air
2025-10-27 15:55:19,013 - INFO - Successfully generated 10 aircraft
2025-10-27 15:55:19,013 - INFO - Saved to: KPHX_scenario.air
2025-10-27 15:55:25,678 - INFO - Created vNAS scenario with 10 aircraft
2025-10-27 15:55:25,679 - INFO - Launching undetected Chrome browser for vNAS login...
2025-10-27 15:55:26,064 - INFO - patching driver executable C:\Users\flyma\appdata\roaming\undetected_chromedriver\undetected_chromedriver.exe
2025-10-27 15:55:27,601 - INFO - Navigating to https://data-admin.vnas.vatsim.net/training
2025-10-27 15:55:29,049 - INFO - Please log in to vNAS and navigate to your scenario in the browser window...
2025-10-27 15:55:29,050 - INFO - Waiting for you to navigate to a scenario (URL pattern: /scenarios/{scenario-id})...
2025-10-27 15:55:54,544 - INFO - Scenario page detected! URL: https://data-admin.vnas.vatsim.net/training/scenarios/01JWBNNWYCP0J3XTHGXT0GPQ1R
2025-10-27 15:55:54,544 - INFO - Automatically extracted scenario ID: 01JWBNNWYCP0J3XTHGXT0GPQ1R
2025-10-27 15:55:54,546 - INFO - Successfully captured 1 vNAS session cookies
2025-10-27 15:55:54,546 - INFO - Closing browser...
2025-10-27 15:55:54,709 - INFO - Pushing scenario to vNAS: https://data-api.vnas.vatsim.net/api/training/scenarios/01JWBNNWYCP0J3XTHGXT0GPQ1R
2025-10-27 15:55:55,437 - ERROR - Failed to push scenario. Status: 400
Details: {
  "type": "https://tools.ietf.org/html/rfc9110#section-15.5.1",
  "title": "One or more validation errors occurred.",
  "status": 400,
  "errors": {
    "Id": [
      "The Id field is required."
    ],
    "Name": [
      "The Name field is required."
    ],
    "ArtccId": [
      "The ArtccId field is required."
    ]
  },
  "traceId": "00-f54d76921d6db6a117d0395dfaed3c1d-5b575b35a7066feb-00"
}
2025-10-27 15:57:25,465 - INFO - ensuring close
