2025-10-27 15:47:35,527 - INFO - Logging to: logs\ssg_20251027_154735.log
2025-10-27 15:47:39,277 - INFO - Selected airport: KPHX
2025-10-27 15:47:39,277 - INFO - Loading GeoJSON data...
2025-10-27 15:47:39,278 - INFO - Loaded 198 parking spots and 5 runways
2025-10-27 15:47:41,212 - INFO - Fetched elevation for KPHX: 1135 ft MSL
2025-10-27 15:47:41,213 - INFO - Field elevation for KPHX: 1135 ft MSL
2025-10-27 15:47:41,213 - INFO - GeoJSON data loaded successfully
2025-10-27 15:47:41,213 - INFO - Loading CIFP data...
2025-10-27 15:47:41,481 - INFO - Loaded 63851 waypoints for KPHX
2025-10-27 15:47:41,482 - INFO - Found 11 arrival procedures
2025-10-27 15:47:41,482 - INFO - Found 0 approach FAF altitudes
2025-10-27 15:47:41,482 - INFO - CIFP data loaded successfully
2025-10-27 15:47:42,812 - INFO - Selected scenario type: ground_mixed
2025-10-27 15:47:46,772 - INFO - Loaded configuration from config.json
2025-10-27 15:47:46,774 - INFO - Generating 5 departures and 5 arrivals
2025-10-27 15:47:47,752 - INFO - Fetched flight plan KPHX -> KEWR: {'route': 'FORPE1 ABQ FTI KA36W ICT KK51G ELSTO Q176 STL WWSHR DORET J584 SLT FQM3', 'altitude': '33000', 'aircraft_type': 'A321/L', 'callsign': 'AAL2156'}
2025-10-27 15:47:48,409 - INFO - Fetched flight plan KPHX -> KSAT: {'route': 'STRRM1 TUS J2 ELP J2 FST MOPPP DNKIN1', 'altitude': '35000', 'aircraft_type': 'CL35/L', 'callsign': 'XSR718'}
2025-10-27 15:47:49,070 - INFO - Fetched flight plan KPHX -> KMSP: {'route': 'MRBIL1 JARPA RSK ALS ONL FSD SSWAN TORGY3', 'altitude': '39000', 'aircraft_type': 'B737/L', 'callsign': 'SWA377'}
2025-10-27 15:47:49,721 - INFO - Fetched flight plan KPHX -> KSMF: {'route': 'ZEPER2 RRSTA DOVEE BTY KENNO DONNR SLMMR5', 'altitude': '24000', 'aircraft_type': 'B38M/L', 'callsign': 'SWA4268'}
2025-10-27 15:47:50,399 - INFO - Fetched flight plan KSNA -> KPHX: {'route': 'PIGGN3 CNERY BLH HYDRR1', 'altitude': '25000', 'aircraft_type': 'C25B/L', 'callsign': 'JRE765'}
2025-10-27 15:47:50,400 - INFO - Creating arrival: JRE765 at 6.0 NM, alt 2935 ft, hdg 270°, spd 140 kts
2025-10-27 15:47:51,020 - INFO - Fetched flight plan KBDL -> KPHX: {'route': 'VEERS PWL BASYE Q406 BWZ J6 HVQ Q68 RAMRD ARG FSM IRW PNH J6 ZUN EAGUL6', 'altitude': '35000', 'aircraft_type': 'HA4T/L', 'callsign': 'TFF910'}
2025-10-27 15:47:51,020 - INFO - Creating arrival: TFF910 at 12.0 NM, alt 4735 ft, hdg 270°, spd 140 kts
2025-10-27 15:47:51,670 - INFO - Fetched flight plan KMCO -> KPHX: {'route': 'OSPRY1 REMIS Y280 REDFN GIRLY WEEED LEJON DC XXX FST ELP Q166 GRNNT DRRVR PINNG1', 'altitude': '35000', 'aircraft_type': 'B38M/L', 'callsign': 'SWA745'}
2025-10-27 15:47:51,671 - INFO - Creating arrival: SWA745 at 18.0 NM, alt 6535 ft, hdg 270°, spd 140 kts
2025-10-27 15:47:52,688 - INFO - Fetched flight plan KAUS -> KPHX: {'route': 'AEROZ2 SJT KF15Y CNX ZUN EAGUL6', 'altitude': '36000', 'aircraft_type': 'B38M/L', 'callsign': 'SWA786'}
2025-10-27 15:47:52,689 - INFO - Creating arrival: SWA786 at 24.0 NM, alt 8335 ft, hdg 270°, spd 140 kts
2025-10-27 15:47:53,332 - INFO - Fetched flight plan KMSP -> KPHX: {'route': 'LEINY6 LEINY KP84A KD78Y BFF CYS RLG SXW KD51S CEZ GUP EAGUL6', 'altitude': '34000', 'aircraft_type': 'B739/L', 'callsign': 'DAL2297'}
2025-10-27 15:47:53,332 - INFO - Creating arrival: DAL2297 at 30.0 NM, alt 10135 ft, hdg 270°, spd 140 kts
2025-10-27 15:47:53,333 - INFO - Generated 10 total aircraft
2025-10-27 15:47:53,333 - INFO - Generated .air file with 10 aircraft at KPHX_scenario.air
2025-10-27 15:47:53,333 - INFO - Successfully generated 10 aircraft
2025-10-27 15:47:53,333 - INFO - Saved to: KPHX_scenario.air
2025-10-27 15:48:02,807 - INFO - Created vNAS scenario with 10 aircraft
2025-10-27 15:48:02,808 - INFO - Launching browser for vNAS login...
2025-10-27 15:48:03,829 - INFO - Navigating to https://data-admin.vnas.vatsim.net/training
2025-10-27 15:48:04,219 - INFO - Please log in to vNAS and navigate to your scenario in the browser window...
2025-10-27 15:48:04,219 - INFO - Waiting for you to navigate to a scenario (URL pattern: /scenarios/{scenario-id})...
2025-10-27 15:48:25,476 - ERROR - Error during browser login: Message: invalid session id: session deleted as the browser has closed the connection
from disconnected: not connected to DevTools
  (Session info: chrome=141.0.7390.123); For documentation on this error, please visit: https://www.selenium.dev/documentation/webdriver/troubleshooting/errors#invalidsessionidexception
Stacktrace:
	GetHandleVerifier [0x0x7ff693c0e8e5+80021]
	GetHandleVerifier [0x0x7ff693c0e940+80112]
	(No symbol) [0x0x7ff69399060f]
	(No symbol) [0x0x7ff69397c145]
	(No symbol) [0x0x7ff6939a177a]
	(No symbol) [0x0x7ff693a18b06]
	(No symbol) [0x0x7ff693a38fa2]
	(No symbol) [0x0x7ff693a11003]
	(No symbol) [0x0x7ff6939d95d1]
	(No symbol) [0x0x7ff6939da3f3]
	GetHandleVerifier [0x0x7ff693ecdc7d+2960429]
	GetHandleVerifier [0x0x7ff693ec7f3a+2936554]
	GetHandleVerifier [0x0x7ff693ee8977+3070247]
	GetHandleVerifier [0x0x7ff693c283ce+185214]
	GetHandleVerifier [0x0x7ff693c2fe1f+216527]
	GetHandleVerifier [0x0x7ff693c17b24+117460]
	GetHandleVerifier [0x0x7ff693c17cdf+117903]
	GetHandleVerifier [0x0x7ff693bfdbb8+11112]
	BaseThreadInitThunk [0x0x7fff8dace8d7+23]
	RtlUserThreadStart [0x0x7fff8f32c53c+44]
Traceback (most recent call last):
  File "C:\Users\flyma\Desktop\Creative Shrimp\Sweatbox Scenario Generator (SSG)\utils\vnas_client.py", line 65, in _login_via_browser
    WebDriverWait(driver, timeout).until(
    ~~~~~~~~~~~~~~~~~~~~~~~~~~~~~~~~~~~~^
        lambda d: re.search(r'/scenarios/([a-zA-Z0-9_-]+)', d.current_url)
        ^^^^^^^^^^^^^^^^^^^^^^^^^^^^^^^^^^^^^^^^^^^^^^^^^^^^^^^^^^^^^^^^^^
    )
    ^
  File "C:\Users\flyma\AppData\Local\Packages\PythonSoftwareFoundation.Python.3.13_qbz5n2kfra8p0\LocalCache\local-packages\Python313\site-packages\selenium\webdriver\support\wait.py", line 129, in until
    value = method(self._driver)
  File "C:\Users\flyma\Desktop\Creative Shrimp\Sweatbox Scenario Generator (SSG)\utils\vnas_client.py", line 66, in <lambda>
    lambda d: re.search(r'/scenarios/([a-zA-Z0-9_-]+)', d.current_url)
                                                        ^^^^^^^^^^^^^
  File "C:\Users\flyma\AppData\Local\Packages\PythonSoftwareFoundation.Python.3.13_qbz5n2kfra8p0\LocalCache\local-packages\Python313\site-packages\selenium\webdriver\remote\webdriver.py", line 587, in current_url
    return self.execute(Command.GET_CURRENT_URL)["value"]
           ~~~~~~~~~~~~^^^^^^^^^^^^^^^^^^^^^^^^^
  File "C:\Users\flyma\AppData\Local\Packages\PythonSoftwareFoundation.Python.3.13_qbz5n2kfra8p0\LocalCache\local-packages\Python313\site-packages\selenium\webdriver\remote\webdriver.py", line 458, in execute
    self.error_handler.check_response(response)
    ~~~~~~~~~~~~~~~~~~~~~~~~~~~~~~~~~^^^^^^^^^^
  File "C:\Users\flyma\AppData\Local\Packages\PythonSoftwareFoundation.Python.3.13_qbz5n2kfra8p0\LocalCache\local-packages\Python313\site-packages\selenium\webdriver\remote\errorhandler.py", line 232, in check_response
    raise exception_class(message, screen, stacktrace)
selenium.common.exceptions.InvalidSessionIdException: Message: invalid session id: session deleted as the browser has closed the connection
from disconnected: not connected to DevTools
  (Session info: chrome=141.0.7390.123); For documentation on this error, please visit: https://www.selenium.dev/documentation/webdriver/troubleshooting/errors#invalidsessionidexception
Stacktrace:
	GetHandleVerifier [0x0x7ff693c0e8e5+80021]
	GetHandleVerifier [0x0x7ff693c0e940+80112]
	(No symbol) [0x0x7ff69399060f]
	(No symbol) [0x0x7ff69397c145]
	(No symbol) [0x0x7ff6939a177a]
	(No symbol) [0x0x7ff693a18b06]
	(No symbol) [0x0x7ff693a38fa2]
	(No symbol) [0x0x7ff693a11003]
	(No symbol) [0x0x7ff6939d95d1]
	(No symbol) [0x0x7ff6939da3f3]
	GetHandleVerifier [0x0x7ff693ecdc7d+2960429]
	GetHandleVerifier [0x0x7ff693ec7f3a+2936554]
	GetHandleVerifier [0x0x7ff693ee8977+3070247]
	GetHandleVerifier [0x0x7ff693c283ce+185214]
	GetHandleVerifier [0x0x7ff693c2fe1f+216527]
	GetHandleVerifier [0x0x7ff693c17b24+117460]
	GetHandleVerifier [0x0x7ff693c17cdf+117903]
	GetHandleVerifier [0x0x7ff693bfdbb8+11112]
	BaseThreadInitThunk [0x0x7fff8dace8d7+23]
	RtlUserThreadStart [0x0x7fff8f32c53c+44]

2025-10-27 15:48:25,488 - INFO - Closing browser...
