2025-10-27 15:23:13,086 - INFO - Logging to: logs\ssg_20251027_152313.log
2025-10-27 15:23:16,698 - INFO - Selected airport: KPHX
2025-10-27 15:23:16,698 - INFO - Loading GeoJSON data...
2025-10-27 15:23:16,700 - INFO - Loaded 198 parking spots and 5 runways
2025-10-27 15:23:18,837 - INFO - Fetched elevation for KPHX: 1135 ft MSL
2025-10-27 15:23:18,838 - INFO - Field elevation for KPHX: 1135 ft MSL
2025-10-27 15:23:18,838 - INFO - GeoJSON data loaded successfully
2025-10-27 15:23:18,838 - INFO - Loading CIFP data...
2025-10-27 15:23:19,107 - INFO - Loaded 63851 waypoints for KPHX
2025-10-27 15:23:19,107 - INFO - Found 11 arrival procedures
2025-10-27 15:23:19,107 - INFO - Found 0 approach FAF altitudes
2025-10-27 15:23:19,107 - INFO - CIFP data loaded successfully
2025-10-27 15:23:21,057 - INFO - Selected scenario type: ground_mixed
2025-10-27 15:23:27,030 - INFO - Loaded configuration from config.json
2025-10-27 15:23:27,031 - INFO - Generating 5 departures and 5 arrivals
2025-10-27 15:23:28,047 - INFO - Fetched flight plan KPHX -> KONT: {'route': 'KEENS3 HRRBR PHRED SCBBY2', 'altitude': '24000', 'aircraft_type': 'B738/L', 'callsign': 'AAL2859'}
2025-10-27 15:23:28,754 - INFO - Fetched flight plan KPHX -> KLAS: {'route': 'ZEPER2 RRSTA ELLDA RKSTR4', 'altitude': '10000', 'aircraft_type': 'B38M/L', 'callsign': 'SWA3110'}
2025-10-27 15:23:29,403 - INFO - Fetched flight plan KPHX -> KAUS: {'route': 'ECLPS1 PHASE ELP FST UCOKA LAIKS4', 'altitude': '35000', 'aircraft_type': 'B737/L', 'callsign': 'SWA3644'}
2025-10-27 15:23:30,038 - INFO - Fetched flight plan KPHX -> KMSY: {'route': 'ECLPS1 PHASE ELP LSU AWDAD1', 'altitude': '35000', 'aircraft_type': 'B737/L', 'callsign': 'SWA4030'}
2025-10-27 15:23:30,665 - INFO - Fetched flight plan KPVD -> KPHX: {'route': 'PUT BIGGO BUFFY REBBL CXR MAYZE J60 ASHEN BDF GBG ROEZZ SLOWR HYS CIM ZUN EAGUL V528 HOMRR EAGUL6', 'altitude': '35000', 'aircraft_type': 'G280/L', 'callsign': 'N628G'}
2025-10-27 15:23:30,666 - INFO - Creating arrival: N628G at 6.0 NM, alt 2935 ft, hdg 270°, spd 140 kts
2025-10-27 15:23:31,299 - INFO - Fetched flight plan KMKE -> KPHX: {'route': 'GREAS JAYEX CAPPR KP66E AYEGI KD57A DUUZE PUMPS GUP EAGUL6', 'altitude': '40000', 'aircraft_type': 'B737/L', 'callsign': 'SWA1880'}
2025-10-27 15:23:31,300 - INFO - Creating arrival: SWA1880 at 12.0 NM, alt 4735 ft, hdg 270°, spd 140 kts
2025-10-27 15:23:31,938 - INFO - Fetched flight plan KBOS -> KPHX: {'route': 'BLZZR6 BLZZR BAF Q480 AIR J110 STL BUM ICT TOTOE FTI BUKKO ZUN EAGUL6', 'altitude': '34000', 'aircraft_type': 'A21N/L', 'callsign': 'AAL2315'}
2025-10-27 15:23:31,938 - INFO - Creating arrival: AAL2315 at 18.0 NM, alt 6535 ft, hdg 270°, spd 140 kts
2025-10-27 15:23:32,594 - INFO - Fetched flight plan KOAK -> KPHX: {'route': 'CNDEL5 KAYEX LOSHN BOILE BLH HYDRR1', 'altitude': '35000', 'aircraft_type': 'B737/L', 'callsign': 'SWA1472'}
2025-10-27 15:23:32,594 - INFO - Creating arrival: SWA1472 at 24.0 NM, alt 8335 ft, hdg 270°, spd 140 kts
2025-10-27 15:23:33,626 - INFO - Fetched flight plan KABQ -> KPHX: {'route': 'MNZNO3 ONM DRRVR PINNG1', 'altitude': '30000', 'aircraft_type': 'B737/L', 'callsign': 'SWA2402'}
2025-10-27 15:23:33,627 - INFO - Creating arrival: SWA2402 at 30.0 NM, alt 10135 ft, hdg 270°, spd 140 kts
2025-10-27 15:23:33,627 - INFO - Generated 10 total aircraft
2025-10-27 15:23:33,627 - INFO - Generated .air file with 10 aircraft at KPHX_scenario.air
2025-10-27 15:23:33,628 - INFO - Successfully generated 10 aircraft
2025-10-27 15:23:33,628 - INFO - Saved to: KPHX_scenario.air
2025-10-27 15:23:43,418 - INFO - Attempting to load cookies from Chrome
2025-10-27 15:23:43,422 - INFO - Attempting to load cookies from Firefox
2025-10-27 15:23:43,422 - INFO - Attempting to load cookies from Edge
2025-10-27 15:23:43,430 - WARNING - Could not load cookies from any browser
2025-10-27 15:24:36,430 - INFO - Created vNAS scenario with 10 aircraft
2025-10-27 15:24:36,430 - INFO - Using manually provided cookies
2025-10-27 15:24:36,430 - INFO - Parsed 2 manual cookies
2025-10-27 15:24:36,430 - INFO - Pushing scenario to vNAS: https://data-api.vnas.vatsim.net/api/training/scenarios/01JWBNNWYCP0J3XTHGXT0GPQ1R
2025-10-27 15:24:38,250 - ERROR - Failed to push scenario. Status: 400
Details: {
  "type": "https://tools.ietf.org/html/rfc9110#section-15.5.1",
  "title": "One or more validation errors occurred.",
  "status": 400,
  "errors": {
    "scenario": [
      "The scenario field is required."
    ],
    "$.aircraft[0].flightplan.rules": [
      "The JSON value could not be converted to Vatsim.Nas.Data.Training.FlightRules. Path: $.aircraft[0].flightplan.rules | LineNumber: 0 | BytePositionInLine: 396."
    ]
  },
  "traceId": "00-c0bbfa30f750b2f331c735272c04c4d3-6df8bacc370d3d40-00"
}
