2025-10-27 17:15:27,043 - INFO - Logging to: logs\ssg_20251027_171527.log
2025-10-27 17:15:30,616 - INFO - Selected airport: KPHX
2025-10-27 17:15:30,616 - INFO - Loading GeoJSON data...
2025-10-27 17:15:30,618 - INFO - Loaded 198 parking spots and 5 runways
2025-10-27 17:15:32,407 - INFO - Fetched elevation for KPHX: 1135 ft MSL
2025-10-27 17:15:32,408 - INFO - Field elevation for KPHX: 1135 ft MSL
2025-10-27 17:15:32,408 - INFO - GeoJSON data loaded successfully
2025-10-27 17:15:32,408 - INFO - Loading CIFP data...
2025-10-27 17:15:32,675 - INFO - Loaded 63851 waypoints for KPHX
2025-10-27 17:15:32,675 - INFO - Found 11 arrival procedures
2025-10-27 17:15:32,675 - INFO - Found 0 approach FAF altitudes
2025-10-27 17:15:32,675 - INFO - CIFP data loaded successfully
2025-10-27 17:15:34,165 - INFO - Selected scenario type: ground_mixed
2025-10-27 17:15:38,545 - INFO - Loaded configuration from config.json
2025-10-27 17:15:38,547 - INFO - Generating 5 departures and 5 arrivals
2025-10-27 17:15:39,568 - INFO - Fetched flight plan KPHX -> KBOS: {'route': 'MRBIL1 JARPA RSK ALS GCK SLN VHP APE SLT SFK CFB RKA PONCT JFUND2', 'altitude': '35000', 'aircraft_type': 'A21N/L', 'callsign': 'DAL1676'}
2025-10-27 17:15:40,218 - INFO - Fetched flight plan KPHX -> KDTW: {'route': 'QUAKY1 YOOPR STL WWODD LECTR3', 'altitude': '35000', 'aircraft_type': 'A20N/L', 'callsign': 'FFT4672'}
2025-10-27 17:15:40,907 - INFO - Fetched flight plan KPHX -> KIAH: {'route': 'ECLPS1 PHASE ELP Q4 FUSCO SAT HTOWN3', 'altitude': '35000', 'aircraft_type': 'B738/L', 'callsign': 'UAL1885'}
2025-10-27 17:15:41,561 - INFO - Fetched flight plan KPHX -> KCLE: {'route': 'MRBIL1 JARPA RSK GLD J146 LNK CID OBK DETMR BRWNZ4', 'altitude': '37000', 'aircraft_type': 'B737/L', 'callsign': 'SWA2916'}
2025-10-27 17:15:42,224 - INFO - Fetched flight plan KPHX -> KMDW: {'route': 'FORPE1 ABQ FTI KK45A KK54E IRK ENDEE8', 'altitude': '35000', 'aircraft_type': 'E545/L', 'callsign': 'LXJ339'}
2025-10-27 17:15:43,228 - INFO - Fetched flight plan KLAS -> KPHX: {'route': 'RASLR3 ZAYNE WOTRO BRUSR1', 'altitude': '27000', 'aircraft_type': 'A20N/L', 'callsign': 'FFT3484'}
2025-10-27 17:15:43,229 - INFO - Creating arrival: FFT3484 at 6.0 NM, alt 2935 ft, hdg 270°, spd 140 kts
2025-10-27 17:15:43,887 - INFO - Fetched flight plan KCMH -> KPHX: {'route': 'PKACZ TARRY DQN ENL KK48I SGF KK42C LBL KENTO KA39W ZUN EAGUL6', 'altitude': '35000', 'aircraft_type': 'A320/L', 'callsign': 'AAL2900'}
2025-10-27 17:15:43,888 - INFO - Creating arrival: AAL2900 at 12.0 NM, alt 4735 ft, hdg 270°, spd 140 kts
2025-10-27 17:15:44,545 - INFO - Fetched flight plan KIAH -> KPHX: {'route': 'STYCK8 DOLEY FUZ HNKER CNX ZUN EAGUL6', 'altitude': '35000', 'aircraft_type': 'A320/L', 'callsign': 'AAL1294'}
2025-10-27 17:15:44,546 - INFO - Creating arrival: AAL1294 at 18.0 NM, alt 6535 ft, hdg 270°, spd 140 kts
2025-10-27 17:15:45,197 - INFO - Fetched flight plan KSMF -> KPHX: {'route': 'SCTWN4 SHUFL LIDAT J92 KADDY WOTRO BRUSR1', 'altitude': '37000', 'aircraft_type': 'B763/Z', 'callsign': 'ATN3374'}
2025-10-27 17:15:45,198 - INFO - Creating arrival: ATN3374 at 24.0 NM, alt 8335 ft, hdg 270°, spd 140 kts
2025-10-27 17:15:46,202 - INFO - Fetched flight plan KBNA -> KPHX: {'route': 'PARDN3 HODJS ARG IRW KA30Y IMMAS ZUN EAGUL6', 'altitude': '35000', 'aircraft_type': 'B738/L', 'callsign': 'SWA1675'}
2025-10-27 17:15:46,203 - INFO - Creating arrival: SWA1675 at 30.0 NM, alt 10135 ft, hdg 270°, spd 140 kts
2025-10-27 17:15:46,203 - INFO - Generated 10 total aircraft
2025-10-27 17:15:46,204 - INFO - Generated .air file with 10 aircraft at KPHX_scenario.air
2025-10-27 17:15:46,204 - INFO - Successfully generated 10 aircraft
2025-10-27 17:15:46,204 - INFO - Saved to: KPHX_scenario.air
2025-10-27 17:15:50,412 - INFO - Fetched coordinates for KPHX: 33.434269, -112.011002
2025-10-27 17:15:50,414 - INFO - Airport KPHX is in ARTCC ZAB
2025-10-27 17:15:50,414 - INFO - Auto-detected ARTCC: ZAB for airport KPHX
2025-10-27 17:15:50,414 - INFO - Created vNAS scenario with 10 aircraft
2025-10-27 17:15:50,415 - INFO - Connecting to Chrome browser...
