2025-10-27 17:30:51,364 - INFO - Logging to: logs\ssg_20251027_173051.log
2025-10-27 17:30:55,079 - INFO - Selected airport: KPHX
2025-10-27 17:30:55,080 - INFO - Loading GeoJSON data...
2025-10-27 17:30:55,081 - INFO - Loaded 198 parking spots and 5 runways
2025-10-27 17:30:56,861 - INFO - Fetched elevation for KPHX: 1135 ft MSL
2025-10-27 17:30:56,862 - INFO - Field elevation for KPHX: 1135 ft MSL
2025-10-27 17:30:56,862 - INFO - GeoJSON data loaded successfully
2025-10-27 17:30:56,862 - INFO - Loading CIFP data...
2025-10-27 17:30:57,121 - INFO - Loaded 63851 waypoints for KPHX
2025-10-27 17:30:57,122 - INFO - Found 11 arrival procedures
2025-10-27 17:30:57,122 - INFO - Found 0 approach FAF altitudes
2025-10-27 17:30:57,122 - INFO - CIFP data loaded successfully
2025-10-27 17:30:58,853 - INFO - Selected scenario type: ground_mixed
2025-10-27 17:31:03,824 - INFO - Loaded configuration from config.json
2025-10-27 17:31:03,825 - INFO - Generating 5 departures and 5 arrivals
2025-10-27 17:31:05,008 - INFO - Fetched flight plan KPHX -> KJFK: {'route': 'FORPE1 ABQ FTI J18 SLN J24 MCI J80 TWAIN J80 SPI KOLTS RIC HCM SAWED Q108 SIE CAMRN4', 'altitude': '35000', 'aircraft_type': 'B738/L', 'callsign': 'AAL2339'}
2025-10-27 17:31:05,728 - INFO - Fetched flight plan KPHX -> KSAN: {'route': 'FYRBD1 MOHAK J18 HOGGZ LUCKI1', 'altitude': '24000', 'aircraft_type': 'B739/L', 'callsign': 'ASA1273'}
2025-10-27 17:31:06,645 - INFO - Fetched flight plan KPHX -> KPBI: {'route': 'ECLPS1 PHASE ELP FST J2 JCT J86 LEV Q100 REMIS GAWKS VUUDU1', 'altitude': '35000', 'aircraft_type': 'CL30/L', 'callsign': 'KOW883'}
2025-10-27 17:31:07,268 - INFO - Fetched flight plan KPHX -> KABQ: {'route': 'FORPE1 SJN TMALE BRRTO1', 'altitude': '29000', 'aircraft_type': 'A319/L', 'callsign': 'AAL2132'}
2025-10-27 17:31:07,905 - INFO - Fetched flight plan KPHX -> KMKE: {'route': 'MRBIL1 JARPA RSK LAA STL LEEDN GOPAC3', 'altitude': '35000', 'aircraft_type': 'A319/L', 'callsign': 'AAL2708'}
2025-10-27 17:31:08,603 - INFO - Fetched flight plan KSNA -> KPHX: {'route': 'PIGGN3 CNERY BLH HYDRR1', 'altitude': '25000', 'aircraft_type': 'A21N/L', 'callsign': 'AAL628'}
2025-10-27 17:31:08,604 - INFO - Creating arrival: AAL628 at 6.0 NM, alt 2935 ft, hdg 270°, spd 140 kts
2025-10-27 17:31:11,347 - INFO - Fetched flight plan KBOS -> KPHX: {'route': 'HYLND7 HYLND CAM Q822 GONZZ Q29 KLYNE ROD VHP J110 BUM ICT LBL FTI BUKKO ZUN EAGUL6', 'altitude': '35000', 'aircraft_type': 'A21N/L', 'callsign': 'AAL57Q'}
2025-10-27 17:31:11,348 - INFO - Creating arrival: AAL57Q at 12.0 NM, alt 4735 ft, hdg 270°, spd 140 kts
2025-10-27 17:31:12,046 - INFO - Fetched flight plan KLAS -> KPHX: {'route': 'RASLR3 ZAYNE WOTRO BRUSR1', 'altitude': '29000', 'aircraft_type': 'A321/L', 'callsign': 'AAL1808'}
2025-10-27 17:31:12,046 - INFO - Creating arrival: AAL1808 at 18.0 NM, alt 6535 ft, hdg 270°, spd 140 kts
2025-10-27 17:31:12,659 - INFO - Fetched flight plan KCLE -> KPHX: {'route': 'GTLKE4 YABRO IOW PWE HLC PUB ALS GUP EAGUL6', 'altitude': '35000', 'aircraft_type': 'CL35/L', 'callsign': 'N158PH'}
2025-10-27 17:31:12,660 - INFO - Creating arrival: N158PH at 24.0 NM, alt 8335 ft, hdg 270°, spd 140 kts
2025-10-27 17:31:13,355 - INFO - Fetched flight plan KDEN -> KPHX: {'route': 'SMMUR2 DAAYE GUP EAGUL6', 'altitude': '32000', 'aircraft_type': 'A21N/L', 'callsign': 'UAL1686'}
2025-10-27 17:31:13,355 - INFO - Creating arrival: UAL1686 at 30.0 NM, alt 10135 ft, hdg 270°, spd 140 kts
2025-10-27 17:31:13,356 - INFO - Generated 10 total aircraft
2025-10-27 17:31:13,356 - INFO - Generated .air file with 10 aircraft at KPHX_scenario.air
2025-10-27 17:31:13,356 - INFO - Successfully generated 10 aircraft
2025-10-27 17:31:13,356 - INFO - Saved to: KPHX_scenario.air
2025-10-27 17:31:18,679 - INFO - Fetched coordinates for KPHX: 33.434269, -112.011002
2025-10-27 17:31:18,680 - INFO - Airport KPHX is in ARTCC ZAB
2025-10-27 17:31:18,681 - INFO - Auto-detected ARTCC: ZAB for airport KPHX
2025-10-27 17:31:18,681 - INFO - Created vNAS scenario with 10 aircraft
2025-10-27 17:31:18,682 - INFO - Launching undetected Chrome browser for vNAS login...
2025-10-27 17:31:19,040 - INFO - patching driver executable C:\Users\flyma\appdata\roaming\undetected_chromedriver\undetected_chromedriver.exe
2025-10-27 17:31:20,543 - INFO - Navigating to https://data-admin.vnas.vatsim.net/training
2025-10-27 17:31:20,865 - INFO - ============================================================
2025-10-27 17:31:20,866 - INFO - BROWSER INSTRUCTIONS
2025-10-27 17:31:20,866 - INFO - ============================================================
2025-10-27 17:31:20,866 - INFO - 1. Log in to vNAS Data Admin
2025-10-27 17:31:20,866 - INFO - 2. Navigate to the scenario you want to update
2025-10-27 17:31:20,866 - INFO - 3. Scenario ID will be extracted automatically
2025-10-27 17:31:20,866 - INFO - ============================================================
2025-10-27 17:31:59,369 - INFO - Scenario page detected! URL: https://data-admin.vnas.vatsim.net/training/scenarios/01JWBNNWYCP0J3XTHGXT0GPQ1R
2025-10-27 17:31:59,369 - INFO - Automatically extracted scenario ID: 01JWBNNWYCP0J3XTHGXT0GPQ1R
2025-10-27 17:31:59,369 - INFO - Browser authenticated successfully. Ready to make API requests.
2025-10-27 17:31:59,369 - INFO - Testing connection before pushing scenario...
2025-10-27 17:32:00,126 - ERROR - Connection test failed: Connection test failed with status 405
2025-10-27 17:32:00,126 - INFO - Closing browser...
2025-10-27 17:32:00,283 - INFO - Browser closed successfully
2025-10-27 17:32:15,958 - INFO - ensuring close
