2025-10-27 16:28:53,707 - INFO - Logging to: logs\ssg_20251027_162853.log
2025-10-27 16:29:09,646 - INFO - Selected airport: KPHX
2025-10-27 16:29:09,647 - INFO - Loading GeoJSON data...
2025-10-27 16:29:09,648 - INFO - Loaded 198 parking spots and 5 runways
2025-10-27 16:29:11,628 - INFO - Fetched elevation for KPHX: 1135 ft MSL
2025-10-27 16:29:11,628 - INFO - Field elevation for KPHX: 1135 ft MSL
2025-10-27 16:29:11,628 - INFO - GeoJSON data loaded successfully
2025-10-27 16:29:11,629 - INFO - Loading CIFP data...
2025-10-27 16:29:11,889 - INFO - Loaded 63851 waypoints for KPHX
2025-10-27 16:29:11,889 - INFO - Found 11 arrival procedures
2025-10-27 16:29:11,889 - INFO - Found 0 approach FAF altitudes
2025-10-27 16:29:11,889 - INFO - CIFP data loaded successfully
2025-10-27 16:29:13,749 - INFO - Selected scenario type: ground_mixed
2025-10-27 16:29:23,159 - INFO - Loaded configuration from config.json
2025-10-27 16:29:23,160 - INFO - Generating 5 departures and 5 arrivals
2025-10-27 16:29:24,127 - INFO - Fetched flight plan KPHX -> KMKE: {'route': 'BROAK1 MAXXO TCC TOTOE KK45A KK57C PWE DSM OGECA GOPAC3', 'altitude': '35000', 'aircraft_type': 'B752/L', 'callsign': 'DAL8876'}
2025-10-27 16:29:24,771 - INFO - Fetched flight plan KPHX -> KSEA: {'route': 'QUAKY1 GCN WINEN Q35 KOATA PDT CHINS5', 'altitude': '30000', 'aircraft_type': 'E75L/L', 'callsign': 'SKW6510'}
2025-10-27 16:29:25,702 - INFO - Fetched flight plan KPHX -> KLGA: {'route': 'MRBIL1 JARPA RSK TXC HCT J60 JOT J146 ETG MIP4', 'altitude': '35000', 'aircraft_type': 'C750/L', 'callsign': 'KOW301'}
2025-10-27 16:29:26,328 - INFO - Fetched flight plan KPHX -> KRSW: {'route': '', 'altitude': '35000', 'aircraft_type': 'B738/L', 'callsign': None}
2025-10-27 16:29:26,979 - INFO - Fetched flight plan KPHX -> KSTL: {'route': 'FORPE1 ABQ KA39Y VARNR ICT FOWNE BUM KAYLA3', 'altitude': '11000', 'aircraft_type': 'B737/L', 'callsign': 'SWA2677'}
2025-10-27 16:29:27,604 - INFO - Fetched flight plan KBDL -> KPHX: {'route': 'VEERS PWL JEFFF Q480 CANDR HOTEE AIR VHP BUM FTI ZUN EAGUL6', 'altitude': '47000', 'aircraft_type': 'GL7T/L', 'callsign': 'N754GP'}
2025-10-27 16:29:27,605 - INFO - Creating arrival: N754GP at 6.0 NM, alt 2935 ft, hdg 270°, spd 140 kts
2025-10-27 16:29:27,605 - INFO - Creating arrival: DAL4328 at 12.0 NM, alt 4735 ft, hdg 270°, spd 140 kts
2025-10-27 16:29:28,248 - INFO - Fetched flight plan KRSW -> KPHX: {'route': 'CSHEL7 JAWJA CABLO DEFUN J2 IAH J86 ELP DRRVR PINNG1', 'altitude': '30000', 'aircraft_type': 'G150/L', 'callsign': 'NJM285'}
2025-10-27 16:29:28,249 - INFO - Creating arrival: NJM285 at 18.0 NM, alt 6535 ft, hdg 270°, spd 140 kts
2025-10-27 16:29:28,249 - INFO - Creating arrival: FFT4716 at 24.0 NM, alt 8335 ft, hdg 270°, spd 140 kts
2025-10-27 16:29:29,223 - INFO - Fetched flight plan KFLL -> KPHX: {'route': 'BNICE2 DOLIE Y280 LEV J86 ELP DRRVR PINNG1', 'altitude': '35000', 'aircraft_type': 'E550/L', 'callsign': 'DCM3660'}
2025-10-27 16:29:29,224 - INFO - Creating arrival: DCM3660 at 30.0 NM, alt 10135 ft, hdg 270°, spd 140 kts
2025-10-27 16:29:29,224 - INFO - Generated 10 total aircraft
2025-10-27 16:29:29,225 - INFO - Generated .air file with 10 aircraft at KPHX_scenario.air
2025-10-27 16:29:29,225 - INFO - Successfully generated 10 aircraft
2025-10-27 16:29:29,225 - INFO - Saved to: KPHX_scenario.air
2025-10-27 16:29:33,614 - INFO - Fetched coordinates for KPHX: 33.434269, -112.011002
2025-10-27 16:29:33,615 - INFO - Airport KPHX is in ARTCC ZAB
2025-10-27 16:29:33,615 - INFO - Auto-detected ARTCC: ZAB for airport KPHX
2025-10-27 16:29:33,615 - INFO - Created vNAS scenario with 10 aircraft
2025-10-27 16:29:33,616 - INFO - Launching undetected Chrome browser for vNAS login...
2025-10-27 16:29:34,023 - INFO - patching driver executable C:\Users\flyma\appdata\roaming\undetected_chromedriver\undetected_chromedriver.exe
2025-10-27 16:29:35,525 - INFO - Navigating to https://data-admin.vnas.vatsim.net/training
2025-10-27 16:29:36,426 - INFO - Please log in to vNAS and navigate to your scenario in the browser window...
2025-10-27 16:29:36,426 - INFO - Waiting for you to navigate to a scenario (URL pattern: /scenarios/{scenario-id})...
2025-10-27 16:30:04,322 - INFO - Scenario page detected! URL: https://data-admin.vnas.vatsim.net/training/scenarios/01JWBNNWYCP0J3XTHGXT0GPQ1R
2025-10-27 16:30:04,322 - INFO - Automatically extracted scenario ID: 01JWBNNWYCP0J3XTHGXT0GPQ1R
2025-10-27 16:30:04,324 - INFO - Successfully captured 1 session cookies
2025-10-27 16:30:04,324 - INFO - Browser will remain open to maintain session. Call cleanup() when done.
2025-10-27 16:30:04,325 - INFO - Pushing scenario to vNAS: https://data-api.vnas.vatsim.net/api/training/scenarios/01JWBNNWYCP0J3XTHGXT0GPQ1R
2025-10-27 16:30:05,075 - ERROR - Authentication failed - session may have expired
2025-10-27 16:30:05,075 - INFO - Closing browser...
2025-10-27 16:30:05,230 - INFO - Browser closed successfully
2025-10-27 16:31:28,579 - INFO - ensuring close
