2025-10-27 18:02:42,039 - INFO - Logging to: logs\ssg_20251027_180242.log
2025-10-27 18:02:45,681 - INFO - Selected airport: KPHX
2025-10-27 18:02:45,682 - INFO - Loading GeoJSON data...
2025-10-27 18:02:45,683 - INFO - Loaded 198 parking spots and 5 runways
2025-10-27 18:02:47,556 - INFO - Fetched elevation for KPHX: 1135 ft MSL
2025-10-27 18:02:47,557 - INFO - Field elevation for KPHX: 1135 ft MSL
2025-10-27 18:02:47,557 - INFO - GeoJSON data loaded successfully
2025-10-27 18:02:47,557 - INFO - Loading CIFP data...
2025-10-27 18:02:47,821 - INFO - Loaded 63851 waypoints for KPHX
2025-10-27 18:02:47,821 - INFO - Found 11 arrival procedures
2025-10-27 18:02:47,821 - INFO - Found 0 approach FAF altitudes
2025-10-27 18:02:47,821 - INFO - CIFP data loaded successfully
2025-10-27 18:02:49,118 - INFO - Selected scenario type: ground_mixed
2025-10-27 18:02:53,749 - INFO - Loaded configuration from config.json
2025-10-27 18:02:53,752 - INFO - Generating 5 departures and 5 arrivals
2025-10-27 18:02:54,216 - INFO - Fetched flight plan KPHX -> KSFO: {'route': 'KEENS3 HRRBR CURIV J212 DECAS PMD AVE MAKRS SERFR SERFR4', 'altitude': '35000', 'aircraft_type': 'C68A/L', 'callsign': 'EJA516'}
2025-10-27 18:02:54,585 - INFO - Fetched flight plan KPHX -> KSNA: {'route': 'KEENS3 HRRBR EMLLD DSNEE6', 'altitude': '30000', 'aircraft_type': 'A321/L', 'callsign': 'AAL2088'}
2025-10-27 18:02:54,872 - INFO - Fetched flight plan KPHX -> KRSW: {'route': '', 'altitude': '35000', 'aircraft_type': 'B738/L', 'callsign': None}
2025-10-27 18:02:55,196 - INFO - Fetched flight plan KPHX -> KDFW: {'route': 'BROAK1 MAXXO JUPTR TURKI VKTRY2', 'altitude': '35000', 'aircraft_type': 'C750/L', 'callsign': 'N734DJ'}
2025-10-27 18:02:55,510 - INFO - Fetched flight plan KPHX -> KMKE: {'route': 'FORPE1 ABQ TBE LNK OGECA GOPAC3', 'altitude': '35000', 'aircraft_type': 'B738/L', 'callsign': 'SWA972'}
2025-10-27 18:02:55,802 - INFO - Fetched flight plan KLGA -> KPHX: {'route': 'ZIMMZ Q42 MIKYG Q480 AIR J110 STL BUM ICT TOTOE FTI J244 ZUN EAGUL6', 'altitude': '35000', 'aircraft_type': 'CL35/L', 'callsign': 'LXJ564'}
2025-10-27 18:02:55,803 - INFO - Creating arrival: LXJ564 at 6.0 NM, alt 2935 ft, hdg 270°, spd 140 kts
2025-10-27 18:02:56,100 - INFO - Fetched flight plan KBOS -> KPHX: {'route': 'HYLND7 HYLND CAM Q822 GONZZ Q29 JHW DAFLU J70 PMM DBQ CAPPR KD60A GLD JEWLS PUB GUP EAGUL6', 'altitude': '35000', 'aircraft_type': 'B38M/L', 'callsign': 'AAL377'}
2025-10-27 18:02:56,101 - INFO - Creating arrival: AAL377 at 12.0 NM, alt 4735 ft, hdg 270°, spd 140 kts
2025-10-27 18:02:56,406 - INFO - Fetched flight plan KDTW -> KPHX: {'route': 'JAAVE FTZ ULMAN PER FTI J244 ZUN BUNTR3', 'altitude': '35000', 'aircraft_type': 'A20N/L', 'callsign': 'FFT4671'}
2025-10-27 18:02:56,407 - INFO - Creating arrival: FFT4671 at 18.0 NM, alt 6535 ft, hdg 270°, spd 140 kts
2025-10-27 18:02:56,724 - INFO - Fetched flight plan KSJC -> KPHX: {'route': 'SPTNS1 JFREE LOSHN PMD J65 BLH HYDRR1', 'altitude': '35000', 'aircraft_type': 'C25B/L', 'callsign': 'TIV85'}
2025-10-27 18:02:56,725 - INFO - Creating arrival: TIV85 at 24.0 NM, alt 8335 ft, hdg 270°, spd 140 kts
2025-10-27 18:02:57,044 - INFO - Fetched flight plan KABQ -> KPHX: {'route': 'RDRNR3 ZUN EAGUL6', 'altitude': '32000', 'aircraft_type': 'B737/L', 'callsign': 'SWA266'}
2025-10-27 18:02:57,045 - INFO - Creating arrival: SWA266 at 30.0 NM, alt 10135 ft, hdg 270°, spd 140 kts
2025-10-27 18:02:57,045 - INFO - Generated 10 total aircraft
2025-10-27 18:02:57,046 - INFO - Generated .air file with 10 aircraft at KPHX_scenario.air
2025-10-27 18:02:57,046 - INFO - Successfully generated 10 aircraft
2025-10-27 18:02:57,046 - INFO - Saved to: KPHX_scenario.air
2025-10-27 18:03:12,951 - INFO - Fetched coordinates for KPHX: 33.434269, -112.011002
2025-10-27 18:03:12,952 - INFO - Airport KPHX is in ARTCC ZAB
2025-10-27 18:03:12,952 - INFO - Auto-detected ARTCC: ZAB for airport KPHX
2025-10-27 18:03:12,953 - INFO - Created vNAS scenario with 10 aircraft
2025-10-27 18:03:12,954 - INFO - Launching undetected Chrome browser for vNAS login...
2025-10-27 18:03:13,342 - INFO - patching driver executable C:\Users\flyma\appdata\roaming\undetected_chromedriver\undetected_chromedriver.exe
2025-10-27 18:03:14,845 - INFO - Navigating to https://data-admin.vnas.vatsim.net/training
2025-10-27 18:03:15,155 - INFO - ============================================================
2025-10-27 18:03:15,155 - INFO - BROWSER INSTRUCTIONS
2025-10-27 18:03:15,155 - INFO - ============================================================
2025-10-27 18:03:15,155 - INFO - 1. Log in to vNAS Data Admin
2025-10-27 18:03:15,155 - INFO - 2. Navigate to the scenario you want to update
2025-10-27 18:03:15,155 - INFO - 3. Scenario ID will be extracted automatically
2025-10-27 18:03:15,155 - INFO - ============================================================
2025-10-27 18:03:15,156 - ERROR - Error during browser login: Message: no such window: target window already closed
from unknown error: web view not found
  (Session info: chrome=141.0.7390.123)
Stacktrace:
	GetHandleVerifier [0x0x8afe43+66515]
	GetHandleVerifier [0x0x8afe84+66580]
	(No symbol) [0x0x69dc48]
	(No symbol) [0x0x67c18d]
	(No symbol) [0x0x711a4e]
	(No symbol) [0x0x72c4d9]
	(No symbol) [0x0x70afc6]
	(No symbol) [0x0x6dc2ca]
	(No symbol) [0x0x6dd154]
	GetHandleVerifier [0x0xb07353+2521315]
	GetHandleVerifier [0x0xb022d3+2500707]
	GetHandleVerifier [0x0x8d7c94+229924]
	GetHandleVerifier [0x0x8c81f8+165768]
	GetHandleVerifier [0x0x8cecad+193085]
	GetHandleVerifier [0x0x8b8158+100072]
	GetHandleVerifier [0x0x8b82f0+100480]
	GetHandleVerifier [0x0x8a25aa+11066]
	BaseThreadInitThunk [0x0x759c5d49+25]
	RtlInitializeExceptionChain [0x0x77e6d6db+107]
	RtlGetAppContainerNamedObjectPath [0x0x77e6d661+561]
Traceback (most recent call last):
  File "C:\Users\flyma\Desktop\Creative Shrimp\Sweatbox Scenario Generator (SSG)\utils\vnas_client.py", line 69, in _login_via_browser
    WebDriverWait(self.driver, timeout).until(
    ~~~~~~~~~~~~~~~~~~~~~~~~~~~~~~~~~~~~~~~~~^
        lambda d: re.search(r'/scenarios/([a-zA-Z0-9_-]+)', d.current_url)
        ^^^^^^^^^^^^^^^^^^^^^^^^^^^^^^^^^^^^^^^^^^^^^^^^^^^^^^^^^^^^^^^^^^
    )
    ^
  File "C:\Users\flyma\AppData\Local\Packages\PythonSoftwareFoundation.Python.3.13_qbz5n2kfra8p0\LocalCache\local-packages\Python313\site-packages\selenium\webdriver\support\wait.py", line 129, in until
    value = method(self._driver)
  File "C:\Users\flyma\Desktop\Creative Shrimp\Sweatbox Scenario Generator (SSG)\utils\vnas_client.py", line 70, in <lambda>
    lambda d: re.search(r'/scenarios/([a-zA-Z0-9_-]+)', d.current_url)
                                                        ^^^^^^^^^^^^^
  File "C:\Users\flyma\AppData\Local\Packages\PythonSoftwareFoundation.Python.3.13_qbz5n2kfra8p0\LocalCache\local-packages\Python313\site-packages\undetected_chromedriver\__init__.py", line 806, in __getattribute__
    return super().__getattribute__(item)
           ~~~~~~~~~~~~~~~~~~~~~~~~^^^^^^
  File "C:\Users\flyma\AppData\Local\Packages\PythonSoftwareFoundation.Python.3.13_qbz5n2kfra8p0\LocalCache\local-packages\Python313\site-packages\selenium\webdriver\remote\webdriver.py", line 587, in current_url
    return self.execute(Command.GET_CURRENT_URL)["value"]
           ~~~~~~~~~~~~^^^^^^^^^^^^^^^^^^^^^^^^^
  File "C:\Users\flyma\AppData\Local\Packages\PythonSoftwareFoundation.Python.3.13_qbz5n2kfra8p0\LocalCache\local-packages\Python313\site-packages\selenium\webdriver\remote\webdriver.py", line 458, in execute
    self.error_handler.check_response(response)
    ~~~~~~~~~~~~~~~~~~~~~~~~~~~~~~~~~^^^^^^^^^^
  File "C:\Users\flyma\AppData\Local\Packages\PythonSoftwareFoundation.Python.3.13_qbz5n2kfra8p0\LocalCache\local-packages\Python313\site-packages\selenium\webdriver\remote\errorhandler.py", line 232, in check_response
    raise exception_class(message, screen, stacktrace)
selenium.common.exceptions.NoSuchWindowException: Message: no such window: target window already closed
from unknown error: web view not found
  (Session info: chrome=141.0.7390.123)
Stacktrace:
	GetHandleVerifier [0x0x8afe43+66515]
	GetHandleVerifier [0x0x8afe84+66580]
	(No symbol) [0x0x69dc48]
	(No symbol) [0x0x67c18d]
	(No symbol) [0x0x711a4e]
	(No symbol) [0x0x72c4d9]
	(No symbol) [0x0x70afc6]
	(No symbol) [0x0x6dc2ca]
	(No symbol) [0x0x6dd154]
	GetHandleVerifier [0x0xb07353+2521315]
	GetHandleVerifier [0x0xb022d3+2500707]
	GetHandleVerifier [0x0x8d7c94+229924]
	GetHandleVerifier [0x0x8c81f8+165768]
	GetHandleVerifier [0x0x8cecad+193085]
	GetHandleVerifier [0x0x8b8158+100072]
	GetHandleVerifier [0x0x8b82f0+100480]
	GetHandleVerifier [0x0x8a25aa+11066]
	BaseThreadInitThunk [0x0x759c5d49+25]
	RtlInitializeExceptionChain [0x0x77e6d6db+107]
	RtlGetAppContainerNamedObjectPath [0x0x77e6d661+561]

2025-10-27 18:03:16,654 - INFO - ensuring close
