2025-10-27 13:57:25,266 - INFO - Logging to: logs\ssg_20251027_135725.log
2025-10-27 13:57:29,059 - INFO - Selected airport: KPHX
2025-10-27 13:57:29,060 - INFO - Loading GeoJSON data...
2025-10-27 13:57:29,061 - INFO - Loaded 198 parking spots and 5 runways
2025-10-27 13:57:30,113 - INFO - Fetched elevation for KPHX: 1135 ft MSL
2025-10-27 13:57:30,113 - INFO - Field elevation for KPHX: 1135 ft MSL
2025-10-27 13:57:30,113 - INFO - GeoJSON data loaded successfully
2025-10-27 13:57:30,113 - INFO - Loading CIFP data...
2025-10-27 13:57:30,376 - INFO - Loaded 63851 waypoints for KPHX
2025-10-27 13:57:30,377 - INFO - Found 11 arrival procedures
2025-10-27 13:57:30,377 - INFO - CIFP data loaded successfully
2025-10-27 13:57:32,795 - INFO - Selected scenario type: tower_mixed
2025-10-27 13:57:42,125 - INFO - Loaded configuration from config.json
2025-10-27 13:57:42,127 - INFO - Generating Tower scenario: 15 departures, 15 arrivals
2025-10-27 13:57:42,609 - INFO - Fetched flight plan KPHX -> KORD: {'route': 'FORPE1 ABQ KA33U KENTO KK48A SLN CATTS KIDER J96 IRK BENKY6', 'altitude': '35000', 'aircraft_type': 'B38M/L', 'callsign': 'AAL2765'}
2025-10-27 13:57:42,914 - INFO - Fetched flight plan KPHX -> KCLE: {'route': 'FORPE1 ABQ FTI GCK IRK BDF BENJO BRWNZ4', 'altitude': '35000', 'aircraft_type': 'A20N/L', 'callsign': 'FFT1472'}
2025-10-27 13:57:43,344 - INFO - Fetched flight plan KPHX -> KMSY: {'route': 'ECLPS1 PHASE EWM J4 INK JUMBO CRIED J50 LFK LSU AWDAD1', 'altitude': '35000', 'aircraft_type': 'B737/L', 'callsign': 'SWA239'}
2025-10-27 13:57:43,709 - INFO - Fetched flight plan KPHX -> KONT: {'route': 'KEENS3 HRRBR PHRED SCBBY2', 'altitude': '26000', 'aircraft_type': 'B738/L', 'callsign': 'SWA5841'}
2025-10-27 13:57:44,016 - INFO - Fetched flight plan KPHX -> KMCO: {'route': 'ECLPS1 PHASE ELP FST J86 LEV Y280 CHRGE PRICY4', 'altitude': '35000', 'aircraft_type': 'B38M/L', 'callsign': 'SWA4902'}
2025-10-27 13:57:44,315 - INFO - Fetched flight plan KPHX -> KSLC: {'route': 'QUAKY1 GCN BCE PITTT1', 'altitude': '17000', 'aircraft_type': 'A21N/L', 'callsign': 'DAL1738'}
2025-10-27 13:57:44,702 - INFO - Fetched flight plan KPHX -> KJFK: {'route': 'TFD4 OLIIN SSO J166 TCS TXO PNH J26 ICT MCI PIA GSH CRL DAFLU J70 STENT J70 MAGIO J70 LVZ LENDY8', 'altitude': '35000', 'aircraft_type': 'A21N/L', 'callsign': 'DAL548'}
2025-10-27 13:57:45,026 - INFO - Fetched flight plan KPHX -> KRDU: {'route': 'BROAK1 JNIPR ABQ END EOS PROWL GUMMA ENGRA KONGO ROA FRIKY ALDAN4', 'altitude': '35000', 'aircraft_type': 'B38M/L', 'callsign': 'SWA1497'}
2025-10-27 13:57:45,328 - INFO - Fetched flight plan KPHX -> KPDX: {'route': 'QUAKY1 GCN WINEN INGOL MAGPY DERMT J523 REO ILR JOTBA HHOOD5', 'altitude': '35000', 'aircraft_type': 'B737/L', 'callsign': 'SWA1601'}
2025-10-27 13:57:45,796 - INFO - Fetched flight plan KPHX -> KSEA: {'route': 'QUAKY1 GCN WINEN NEERO KOATA PDT CHINS5', 'altitude': '35000', 'aircraft_type': 'B39M/L', 'callsign': 'ASA1006'}
2025-10-27 13:57:46,137 - INFO - Fetched flight plan KPHX -> KDEN: {'route': 'MRBIL1 YOOPR CRUDD TBARR4', 'altitude': '35000', 'aircraft_type': 'B38M/L', 'callsign': 'SWA4041'}
2025-10-27 13:57:46,500 - INFO - Fetched flight plan KPHX -> KSNA: {'route': 'KEENS3 HRRBR EMLLD DSNEE6', 'altitude': '32000', 'aircraft_type': 'B737/L', 'callsign': 'SWA595'}
2025-10-27 13:57:46,794 - INFO - Fetched flight plan KPHX -> KDTW: {'route': 'FORPE1 ABQ KA39Y ICT KK51G STL CMI BVT SWAYD LECTR3', 'altitude': '35000', 'aircraft_type': 'B738/L', 'callsign': 'AAL3140'}
2025-10-27 13:57:46,795 - WARNING - Parking spot GA2 is already in use, skipping
2025-10-27 13:57:47,091 - INFO - Fetched flight plan KBOS -> KPHX: {'route': 'HYLND7 HYLND CAM Q822 GONZZ Q29 DORET Q29 KLYNE ROD VHP J110 BUM ICT TOTOE FTI BUKKO ZUN EAGUL6', 'altitude': '35000', 'aircraft_type': 'B738/L', 'callsign': 'AAL1653'}
2025-10-27 13:57:47,412 - INFO - Fetched flight plan KONT -> KPHX: {'route': 'RAJEE4 MTBAL CNERY BLH HYDRR1', 'altitude': '25000', 'aircraft_type': 'B737/L', 'callsign': 'SWA2848'}
2025-10-27 13:57:47,712 - INFO - Fetched flight plan KMSY -> KPHX: {'route': 'LFT LCH IAH SAT ELP DRRVR PINNG1', 'altitude': '35000', 'aircraft_type': 'B738/L', 'callsign': 'AAL2223'}
2025-10-27 13:57:48,012 - INFO - Fetched flight plan KCMH -> KPHX: {'route': 'PKACZ TARRY DQN STL KK42A ZUN EAGUL6', 'altitude': '35000', 'aircraft_type': 'GLEX/L', 'callsign': 'N650CV'}
2025-10-27 13:57:48,308 - INFO - Fetched flight plan KPIT -> KPHX: {'route': 'DILNE TVTRN ROD VHP J24 STL BUM ICT TOTOE FTI BUKKO ZUN EAGUL6', 'altitude': '35000', 'aircraft_type': 'C750/L', 'callsign': 'RKJ104'}
2025-10-27 13:57:48,612 - INFO - Fetched flight plan KSLC -> KPHX: {'route': 'ARCHZ1 MLF CORKR TENTS BRUSR1', 'altitude': '31000', 'aircraft_type': 'B739/L', 'callsign': 'DAL1431'}
2025-10-27 13:57:48,924 - INFO - Fetched flight plan KABQ -> KPHX: {'route': 'RDRNR3 ZUN EAGUL6', 'altitude': '32000', 'aircraft_type': 'A319/L', 'callsign': 'AAL3273'}
2025-10-27 13:57:49,223 - INFO - Fetched flight plan KLAX -> KPHX: {'route': 'DOTSS2 CNERY BLH HYDRR1', 'altitude': '25000', 'aircraft_type': 'B738/L', 'callsign': 'AAL1668'}
2025-10-27 13:57:49,525 - INFO - Fetched flight plan KSJC -> KPHX: {'route': 'SPTNS1 JFREE LOSHN PMD J65 BLH HYDRR1', 'altitude': '35000', 'aircraft_type': 'C25B/L', 'callsign': 'TIV85'}
2025-10-27 13:57:49,831 - INFO - Fetched flight plan KDFW -> KPHX: {'route': 'WSTEX2 CIKAN EWM DRRVR PINNG1', 'altitude': '32000', 'aircraft_type': 'A321/L', 'callsign': 'AAL1496'}
2025-10-27 13:57:50,148 - INFO - Fetched flight plan KPDX -> KPHX: {'route': 'WHAMY5 KOATA Q35 NEERO WINEN Q35 CORKR TENTS BRUSR1', 'altitude': '35000', 'aircraft_type': 'B738/L', 'callsign': 'ASA1239'}
2025-10-27 13:57:50,437 - INFO - Fetched flight plan KPVD -> KPHX: {'route': 'PUT BIGGO BUFFY REBBL CXR MAYZE J60 ASHEN BDF GBG ROEZZ SLOWR HYS CIM ZUN EAGUL V528 HOMRR EAGUL6', 'altitude': '35000', 'aircraft_type': 'G280/L', 'callsign': 'N628G'}
2025-10-27 13:57:50,438 - INFO - Generated 30 total aircraft (2 GA)
2025-10-27 13:57:50,439 - INFO - Generated .air file with 30 aircraft at KPHX_scenario.air
2025-10-27 13:57:50,439 - INFO - Successfully generated 30 aircraft
2025-10-27 13:57:50,439 - INFO - Saved to: KPHX_scenario.air
