2025-10-27 13:52:01,142 - INFO - Logging to: logs\ssg_20251027_135201.log
2025-10-27 13:52:04,726 - INFO - Selected airport: KPHX
2025-10-27 13:52:04,727 - INFO - Loading GeoJSON data...
2025-10-27 13:52:04,728 - INFO - Loaded 198 parking spots and 5 runways
2025-10-27 13:52:06,550 - INFO - Fetched elevation for KPHX: 1135 ft MSL
2025-10-27 13:52:06,550 - INFO - Field elevation for KPHX: 1135 ft MSL
2025-10-27 13:52:06,551 - INFO - GeoJSON data loaded successfully
2025-10-27 13:52:06,551 - INFO - Loading CIFP data...
2025-10-27 13:52:06,814 - INFO - Loaded 63851 waypoints for KPHX
2025-10-27 13:52:06,814 - INFO - Found 11 arrival procedures
2025-10-27 13:52:06,814 - INFO - CIFP data loaded successfully
2025-10-27 13:52:08,990 - INFO - Selected scenario type: tower_mixed
2025-10-27 13:52:21,625 - INFO - Loaded configuration from config.json
2025-10-27 13:52:21,626 - INFO - Generating Tower scenario: 15 departures, 15 arrivals
2025-10-27 13:52:22,128 - INFO - Fetched flight plan KPHX -> KPIT: {'route': 'MRBIL1 JARPA RSK ALS J102 SLN J24 MCI J80 VHP APE CTW FEWGA7', 'altitude': '35000', 'aircraft_type': 'B737/L', 'callsign': 'SWA4269'}
2025-10-27 13:52:22,510 - INFO - Fetched flight plan KPHX -> KJFK: {'route': 'FORPE1 ABQ KA39Y KYLER KK51E DRIVL ALHAH SPI AXC VHP KLYNE Q29 WWSHR JHW J70 LVZ LENDY8', 'altitude': '35000', 'aircraft_type': 'B38M/L', 'callsign': 'AAL2339'}
2025-10-27 13:52:22,973 - INFO - Fetched flight plan KPHX -> KEWR: {'route': 'MRBIL1 YOOPR HBU BFF ONL KP75C KATES KP75E VIGGR KG75I GIJ J146 PLAIN DORET J584 SLT FQM3', 'altitude': '35000', 'aircraft_type': 'A321/L', 'callsign': 'AAL2156'}
2025-10-27 13:52:23,288 - INFO - Fetched flight plan KPHX -> KIAH: {'route': 'ECLPS1 PHASE ELP Q4 FUSCO DIESL MSCOT4', 'altitude': '35000', 'aircraft_type': 'B739/L', 'callsign': 'UAL1932'}
2025-10-27 13:52:23,585 - INFO - Fetched flight plan KPHX -> KFLL: {'route': 'ECLPS1 PHASE EWM LINZY FUSCO CHILD DILLO IAH SBI BLVNS Y290 OCHHO VNECK TEEKY3', 'altitude': '35000', 'aircraft_type': 'E550/L', 'callsign': 'DCM3660'}
2025-10-27 13:52:23,586 - WARNING - Parking spot D4 is already in use, skipping
2025-10-27 13:52:23,882 - INFO - Fetched flight plan KPHX -> KPBI: {'route': 'ECLPS1 PHASE ELP FST J2 JCT J86 LEV Q100 REMIS GAWKS VUUDU1', 'altitude': '35000', 'aircraft_type': 'GL5T/L', 'callsign': 'N50VC'}
2025-10-27 13:52:24,227 - INFO - Fetched flight plan KPHX -> KSJC: {'route': 'KEENS3 HRRBR CURIV J212 DECAS PMD J6 AVE TROXX SILCN6', 'altitude': '40000', 'aircraft_type': 'B737/L', 'callsign': 'SWA3942'}
2025-10-27 13:52:24,522 - INFO - Fetched flight plan KPHX -> KCMH: {'route': 'FORPE1 ABQ MIRME PER ENL JUDDI JAKTZ2', 'altitude': '35000', 'aircraft_type': 'A320/L', 'callsign': 'AAL2900'}
2025-10-27 13:52:24,857 - INFO - Fetched flight plan KPHX -> KBNA: {'route': 'BROAK1 MAXXO IRW KM33I LOPPY CHSNE3', 'altitude': '35000', 'aircraft_type': 'A319/L', 'callsign': 'AAL2580'}
2025-10-27 13:52:25,145 - INFO - Fetched flight plan KPHX -> KRSW: {'route': '', 'altitude': '35000', 'aircraft_type': 'B738/L', 'callsign': None}
2025-10-27 13:52:25,457 - INFO - Fetched flight plan KPHX -> KSFO: {'route': 'ZEPER2 RRSTA DOVEE Q15 SKANN RUSME DYAMD5', 'altitude': '30000', 'aircraft_type': 'B738/L', 'callsign': 'UAL2051'}
2025-10-27 13:52:25,773 - INFO - Fetched flight plan KPHX -> KSMF: {'route': 'ZEPER2 RRSTA DOVEE BTY DONNR SLMMR5', 'altitude': '35000', 'aircraft_type': 'B763/L', 'callsign': 'ATN3362'}
2025-10-27 13:52:26,101 - INFO - Fetched flight plan KJFK -> KPHX: {'route': 'RBV Q430 AIR J110 STL BUM ICT TOTOE FTI J244 ZUN EAGUL6', 'altitude': '35000', 'aircraft_type': 'A320/L', 'callsign': 'JBU135'}
2025-10-27 13:52:26,403 - INFO - Fetched flight plan KSEA -> KPHX: {'route': 'SUMMA2 SUMMA JOTBA RIELY NEERO ELY WINEN TENTS BRUSR1', 'altitude': '35000', 'aircraft_type': 'E170/L', 'callsign': 'ENY3934'}
2025-10-27 13:52:26,752 - INFO - Fetched flight plan KDFW -> KPHX: {'route': 'WSTEX2 CIKAN EWM DRRVR PINNG1', 'altitude': '32000', 'aircraft_type': 'A321/L', 'callsign': 'AAL474'}
2025-10-27 13:52:27,069 - INFO - Fetched flight plan KSAT -> KPHX: {'route': 'ALISS7 ALISS FST TXSAS ELP J50 ALIBY DRRVR PINNG1', 'altitude': '35000', 'aircraft_type': 'C525/L', 'callsign': 'N479RA'}
2025-10-27 13:52:27,415 - INFO - Fetched flight plan KSMF -> KPHX: {'route': 'SCTWN4 SHUFL BTY GOG WOTRO BRUSR1', 'altitude': '35000', 'aircraft_type': 'B763/L', 'callsign': 'ATN3374'}
2025-10-27 13:52:27,727 - INFO - Fetched flight plan KONT -> KPHX: {'route': 'RAJEE4 MTBAL CNERY BLH HYDRR1', 'altitude': '25000', 'aircraft_type': 'B738/L', 'callsign': 'AAL2859'}
2025-10-27 13:52:28,154 - INFO - Fetched flight plan KTPA -> KPHX: {'route': 'DORMR3 FROOT ROZZI Y280 LEV GIRLY LUKKN LEJON FST HUP ELP J50 ALIBY DRRVR PINNG1', 'altitude': '35000', 'aircraft_type': 'B738/L', 'callsign': 'SWA3258'}
2025-10-27 13:52:28,458 - INFO - Fetched flight plan KLAX -> KPHX: {'route': 'DOTSS2 CNERY BLH HYDRR1', 'altitude': '25000', 'aircraft_type': 'A320/L', 'callsign': 'FFT1062'}
2025-10-27 13:52:28,785 - INFO - Fetched flight plan KBNA -> KPHX: {'route': 'PARDN3 HODJS MMB GUP EAGUL6', 'altitude': '34000', 'aircraft_type': 'B38M/L', 'callsign': 'SWA1675'}
2025-10-27 13:52:29,090 - INFO - Fetched flight plan KRDU -> KPHX: {'route': 'SHPRD4 SHPRD VXV ARG GTYER IFI ABQ ZUN EAGUL6', 'altitude': '40000', 'aircraft_type': 'B737/L', 'callsign': 'SWA2817'}
2025-10-27 13:52:29,387 - INFO - Fetched flight plan KRSW -> KPHX: {'route': 'CSHEL7 JAWJA CABLO DEFUN J2 IAH J86 ELP DRRVR PINNG1', 'altitude': '30000', 'aircraft_type': 'G150/L', 'callsign': 'NJM285'}
2025-10-27 13:52:29,690 - INFO - Fetched flight plan KSFO -> KPHX: {'route': 'SSTIK5 KAYEX LOSHN BOILE BLH HYDRR1', 'altitude': '35000', 'aircraft_type': 'B738/L', 'callsign': 'AAL2423'}
2025-10-27 13:52:30,023 - INFO - Fetched flight plan KDCA -> KPHX: {'route': 'HORTO4 BUFFR Q178 DJB J34 ALPHE J34 BAE MCW ONL PUB ALS GUP EAGUL6', 'altitude': '30000', 'aircraft_type': 'A21N/L', 'callsign': 'AAL2831'}
2025-10-27 13:52:30,023 - INFO - Generated 30 total aircraft (2 GA)
2025-10-27 13:52:30,024 - INFO - Generated .air file with 30 aircraft at KPHX_scenario.air
2025-10-27 13:52:30,024 - INFO - Successfully generated 30 aircraft
2025-10-27 13:52:30,024 - INFO - Saved to: KPHX_scenario.air
