2025-10-27 16:15:54,700 - INFO - Logging to: logs\ssg_20251027_161554.log
2025-10-27 16:15:58,397 - INFO - Selected airport: KPHX
2025-10-27 16:15:58,397 - INFO - Loading GeoJSON data...
2025-10-27 16:15:58,398 - INFO - Loaded 198 parking spots and 5 runways
2025-10-27 16:16:00,434 - INFO - Fetched elevation for KPHX: 1135 ft MSL
2025-10-27 16:16:00,435 - INFO - Field elevation for KPHX: 1135 ft MSL
2025-10-27 16:16:00,435 - INFO - GeoJSON data loaded successfully
2025-10-27 16:16:00,435 - INFO - Loading CIFP data...
2025-10-27 16:16:00,697 - INFO - Loaded 63851 waypoints for KPHX
2025-10-27 16:16:00,697 - INFO - Found 11 arrival procedures
2025-10-27 16:16:00,697 - INFO - Found 0 approach FAF altitudes
2025-10-27 16:16:00,697 - INFO - CIFP data loaded successfully
2025-10-27 16:16:02,169 - INFO - Selected scenario type: ground_mixed
2025-10-27 16:16:07,554 - INFO - Loaded configuration from config.json
2025-10-27 16:16:07,555 - INFO - Generating 5 departures and 5 arrivals
2025-10-27 16:16:08,488 - INFO - Fetched flight plan KPHX -> KSMF: {'route': 'ZEPER2 RRSTA DOVEE BTY KENNO DONNR SLMMR5', 'altitude': '24000', 'aircraft_type': 'B38M/L', 'callsign': 'SWA467'}
2025-10-27 16:16:09,556 - INFO - Fetched flight plan KPHX -> KRDU: {'route': 'BROAK1 JNIPR ABQ END EOS PROWL GUMMA ENGRA KONGO ROA FRIKY ALDAN4', 'altitude': '35000', 'aircraft_type': 'B38M/L', 'callsign': 'SWA1497'}
2025-10-27 16:16:10,233 - INFO - Fetched flight plan KPHX -> KAUS: {'route': 'ECLPS1 PHASE ELP FST CHILD LAIKS4', 'altitude': '37000', 'aircraft_type': 'B38M/L', 'callsign': 'SWA4128'}
2025-10-27 16:16:10,879 - INFO - Fetched flight plan KPHX -> KRSW: {'route': '', 'altitude': '35000', 'aircraft_type': 'B738/L', 'callsign': None}
2025-10-27 16:16:11,555 - INFO - Fetched flight plan KSJC -> KPHX: {'route': 'SPTNS1 JFREE LOSHN BOILE BLH HYDRR1', 'altitude': '35000', 'aircraft_type': 'C25B/L', 'callsign': 'SIS61'}
2025-10-27 16:16:11,556 - INFO - Creating arrival: SIS61 at 6.0 NM, alt 2935 ft, hdg 270°, spd 140 kts
2025-10-27 16:16:12,270 - INFO - Fetched flight plan KDFW -> KPHX: {'route': 'WSTEX2 CIKAN EWM DRRVR PINNG1', 'altitude': '32000', 'aircraft_type': 'A321/L', 'callsign': 'AAL336'}
2025-10-27 16:16:12,270 - INFO - Creating arrival: AAL336 at 12.0 NM, alt 4735 ft, hdg 270°, spd 140 kts
2025-10-27 16:16:12,927 - INFO - Fetched flight plan KFLL -> KPHX: {'route': 'BNICE2 DOLIE HRVCH ANKRR PSX KEMPL KH06Y FIGMO J86 ELP J50 SSO HOTTT PINNG1', 'altitude': '35000', 'aircraft_type': 'B737/L', 'callsign': 'SWA564'}
2025-10-27 16:16:12,927 - INFO - Creating arrival: SWA564 at 18.0 NM, alt 6535 ft, hdg 270°, spd 140 kts
2025-10-27 16:16:13,860 - INFO - Fetched flight plan KSAT -> KPHX: {'route': 'ALISS7 ALISS FST AGAZY ELP J50 ALIBY DRRVR PINNG1', 'altitude': '36000', 'aircraft_type': 'B38M/L', 'callsign': 'SWA4063'}
2025-10-27 16:16:13,861 - INFO - Creating arrival: SWA4063 at 24.0 NM, alt 8335 ft, hdg 270°, spd 140 kts
2025-10-27 16:16:13,861 - INFO - Creating arrival: FFT7931 at 30.0 NM, alt 10135 ft, hdg 270°, spd 140 kts
2025-10-27 16:16:13,861 - INFO - Generated 10 total aircraft
2025-10-27 16:16:13,862 - INFO - Generated .air file with 10 aircraft at KPHX_scenario.air
2025-10-27 16:16:13,862 - INFO - Successfully generated 10 aircraft
2025-10-27 16:16:13,862 - INFO - Saved to: KPHX_scenario.air
2025-10-27 16:16:20,281 - INFO - Fetched coordinates for KPHX: 33.434269, -112.011002
2025-10-27 16:16:20,282 - INFO - Airport KPHX is in ARTCC ZAB
2025-10-27 16:16:20,282 - INFO - Auto-detected ARTCC: ZAB for airport KPHX
2025-10-27 16:16:20,283 - INFO - Created vNAS scenario with 10 aircraft
2025-10-27 16:16:20,284 - INFO - Launching undetected Chrome browser for vNAS login...
2025-10-27 16:16:20,658 - INFO - patching driver executable C:\Users\flyma\appdata\roaming\undetected_chromedriver\undetected_chromedriver.exe
2025-10-27 16:16:22,148 - INFO - Navigating to https://data-admin.vnas.vatsim.net/training
2025-10-27 16:16:22,566 - INFO - Please log in to vNAS and navigate to your scenario in the browser window...
2025-10-27 16:16:22,566 - INFO - Waiting for you to navigate to a scenario (URL pattern: /scenarios/{scenario-id})...
2025-10-27 16:16:47,138 - INFO - Scenario page detected! URL: https://data-admin.vnas.vatsim.net/training/scenarios/01JWBNNWYCP0J3XTHGXT0GPQ1R
2025-10-27 16:16:47,138 - INFO - Automatically extracted scenario ID: 01JWBNNWYCP0J3XTHGXT0GPQ1R
2025-10-27 16:16:47,140 - INFO - Successfully captured 1 vNAS session cookies
2025-10-27 16:16:47,140 - INFO - Closing browser...
2025-10-27 16:16:47,287 - INFO - Pushing scenario to vNAS: https://data-api.vnas.vatsim.net/api/training/scenarios/01JWBNNWYCP0J3XTHGXT0GPQ1R
2025-10-27 16:16:48,037 - ERROR - Authentication failed - session may have expired
2025-10-27 16:16:51,635 - INFO - ensuring close
